2023-02-23 16:39:38.892 | DEBUG    | services.update:Installer:25 - Downloading objects.yaml from https://raw.githubusercontent.com/QIN2DIM/hcaptcha-challenger/main/src/objects.yaml
2023-02-23 16:39:40.369 | DEBUG    | services.update:download_model_:18 - Downloading ant.onnx from https://github.com/QIN2DIM/hcaptcha-challenger/releases/download/model/ant.onnx
2023-02-23 16:39:41.626 | DEBUG    | services.update:download_model_:18 - Downloading apple_on_a_tree.onnx from https://github.com/QIN2DIM/hcaptcha-challenger/releases/download/model/apple_on_a_tree.onnx
2023-02-23 16:39:43.006 | DEBUG    | services.update:download_model_:18 - Downloading beach.onnx from https://github.com/QIN2DIM/hcaptcha-challenger/releases/download/model/beach.onnx
2023-02-23 16:39:44.560 | DEBUG    | services.update:download_model_:18 - Downloading bear_in_the_water.onnx from https://github.com/QIN2DIM/hcaptcha-challenger/releases/download/model/bear_in_the_water.onnx
2023-02-23 16:39:46.050 | DEBUG    | services.update:download_model_:18 - Downloading butterfly.onnx from https://github.com/QIN2DIM/hcaptcha-challenger/releases/download/model/butterfly.onnx
2023-02-23 16:39:47.493 | DEBUG    | services.update:download_model_:18 - Downloading cake.onnx from https://github.com/QIN2DIM/hcaptcha-challenger/releases/download/model/cake.onnx
2023-02-23 16:39:48.881 | DEBUG    | services.update:download_model_:18 - Downloading chicken_on_a_tree.onnx from https://github.com/QIN2DIM/hcaptcha-challenger/releases/download/model/chicken_on_a_tree.onnx
2023-02-23 16:39:50.694 | DEBUG    | services.update:download_model_:18 - Downloading chicken_on_the_beach.onnx from https://github.com/QIN2DIM/hcaptcha-challenger/releases/download/model/chicken_on_the_beach.onnx
2023-02-23 16:39:52.032 | DEBUG    | services.update:download_model_:18 - Downloading crab.onnx from https://github.com/QIN2DIM/hcaptcha-challenger/releases/download/model/crab.onnx
2023-02-23 16:39:53.286 | DEBUG    | services.update:download_model_:18 - Downloading cymbal.onnx from https://github.com/QIN2DIM/hcaptcha-challenger/releases/download/model/cymbal.onnx
2023-02-23 16:39:54.739 | DEBUG    | services.update:download_model_:18 - Downloading daisy.onnx from https://github.com/QIN2DIM/hcaptcha-challenger/releases/download/model/daisy.onnx
2023-02-23 16:39:56.134 | DEBUG    | services.update:download_model_:18 - Downloading daisy_in_a_pot.onnx from https://github.com/QIN2DIM/hcaptcha-challenger/releases/download/model/daisy_in_a_pot.onnx
2023-02-23 16:39:57.683 | DEBUG    | services.update:download_model_:18 - Downloading desert.onnx from https://github.com/QIN2DIM/hcaptcha-challenger/releases/download/model/desert.onnx
2023-02-23 16:40:09.294 | DEBUG    | services.update:download_model_:18 - Downloading dolphin.onnx from https://github.com/QIN2DIM/hcaptcha-challenger/releases/download/model/dolphin.onnx
2023-02-23 16:40:26.043 | DEBUG    | services.update:download_model_:18 - Downloading dragonfly.onnx from https://github.com/QIN2DIM/hcaptcha-challenger/releases/download/model/dragonfly.onnx
2023-02-23 16:40:28.081 | DEBUG    | services.update:download_model_:18 - Downloading forest.onnx from https://github.com/QIN2DIM/hcaptcha-challenger/releases/download/model/forest.onnx
2023-02-23 16:40:29.092 | DEBUG    | services.update:download_model_:18 - Downloading fried_egg_on_a_bread.onnx from https://github.com/QIN2DIM/hcaptcha-challenger/releases/download/model/fried_egg_on_a_bread.onnx
2023-02-23 16:40:31.048 | DEBUG    | services.update:download_model_:18 - Downloading guitar.onnx from https://github.com/QIN2DIM/hcaptcha-challenger/releases/download/model/guitar.onnx
2023-02-23 16:40:32.762 | DEBUG    | services.update:download_model_:18 - Downloading hamster.onnx from https://github.com/QIN2DIM/hcaptcha-challenger/releases/download/model/hamster.onnx
2023-02-23 16:40:34.018 | DEBUG    | services.update:download_model_:18 - Downloading hand_watches.onnx from https://github.com/QIN2DIM/hcaptcha-challenger/releases/download/model/hand_watches.onnx
2023-02-23 16:40:36.017 | DEBUG    | services.update:download_model_:18 - Downloading hedgehog_in_a_bowl.onnx from https://github.com/QIN2DIM/hcaptcha-challenger/releases/download/model/hedgehog_in_a_bowl.onnx
2023-02-23 16:40:37.334 | DEBUG    | services.update:download_model_:18 - Downloading hedgehog_in_water.onnx from https://github.com/QIN2DIM/hcaptcha-challenger/releases/download/model/hedgehog_in_water.onnx
2023-02-23 16:40:38.694 | DEBUG    | services.update:download_model_:18 - Downloading hedgehog_on_rocks.onnx from https://github.com/QIN2DIM/hcaptcha-challenger/releases/download/model/hedgehog_on_rocks.onnx
2023-02-23 16:40:40.079 | DEBUG    | services.update:download_model_:18 - Downloading hedgehog_surrounded_by_flowers.onnx from https://github.com/QIN2DIM/hcaptcha-challenger/releases/download/model/hedgehog_surrounded_by_flowers.onnx
2023-02-23 16:40:41.477 | DEBUG    | services.update:download_model_:18 - Downloading helicopter.onnx from https://github.com/QIN2DIM/hcaptcha-challenger/releases/download/model/helicopter.onnx
2023-02-23 16:40:42.871 | DEBUG    | services.update:download_model_:18 - Downloading hockey_match.onnx from https://github.com/QIN2DIM/hcaptcha-challenger/releases/download/model/hockey_match.onnx
2023-02-23 16:40:44.490 | DEBUG    | services.update:download_model_:18 - Downloading hot_air_balloon.onnx from https://github.com/QIN2DIM/hcaptcha-challenger/releases/download/model/hot_air_balloon.onnx
2023-02-23 16:40:45.708 | DEBUG    | services.update:download_model_:18 - Downloading icecream.onnx from https://github.com/QIN2DIM/hcaptcha-challenger/releases/download/model/icecream.onnx
2023-02-23 16:40:46.934 | DEBUG    | services.update:download_model_:18 - Downloading ladybug.onnx from https://github.com/QIN2DIM/hcaptcha-challenger/releases/download/model/ladybug.onnx
2023-02-23 16:40:48.091 | DEBUG    | services.update:download_model_:18 - Downloading lemon.onnx from https://github.com/QIN2DIM/hcaptcha-challenger/releases/download/model/lemon.onnx
2023-02-23 16:40:49.766 | DEBUG    | services.update:download_model_:18 - Downloading lemons_in_a_basket.onnx from https://github.com/QIN2DIM/hcaptcha-challenger/releases/download/model/lemons_in_a_basket.onnx
2023-02-23 16:40:50.910 | DEBUG    | services.update:download_model_:18 - Downloading mountain.onnx from https://github.com/QIN2DIM/hcaptcha-challenger/releases/download/model/mountain.onnx
2023-02-23 16:40:52.079 | DEBUG    | services.update:download_model_:18 - Downloading ocean.onnx from https://github.com/QIN2DIM/hcaptcha-challenger/releases/download/model/ocean.onnx
2023-02-23 16:40:53.309 | DEBUG    | services.update:download_model_:18 - Downloading pancake.onnx from https://github.com/QIN2DIM/hcaptcha-challenger/releases/download/model/pancake.onnx
2023-02-23 16:40:54.717 | DEBUG    | services.update:download_model_:18 - Downloading panda.onnx from https://github.com/QIN2DIM/hcaptcha-challenger/releases/download/model/panda.onnx
2023-02-23 16:40:56.409 | DEBUG    | services.update:download_model_:18 - Downloading panda_in_a_forest.onnx from https://github.com/QIN2DIM/hcaptcha-challenger/releases/download/model/panda_in_a_forest.onnx
2023-02-23 16:41:23.524 | DEBUG    | services.update:Installer:25 - Downloading objects.yaml from https://raw.githubusercontent.com/QIN2DIM/hcaptcha-challenger/main/src/objects.yaml
2023-02-23 16:41:24.673 | DEBUG    | services.update:download_model_:18 - Downloading panda_in_a_forest.onnx from https://github.com/QIN2DIM/hcaptcha-challenger/releases/download/model/panda_in_a_forest.onnx
2023-02-23 16:41:26.317 | DEBUG    | services.update:download_model_:18 - Downloading panda_in_a_garden.onnx from https://github.com/QIN2DIM/hcaptcha-challenger/releases/download/model/panda_in_a_garden.onnx
2023-02-23 16:41:27.287 | DEBUG    | services.update:download_model_:18 - Downloading panda_in_a_living_room.onnx from https://github.com/QIN2DIM/hcaptcha-challenger/releases/download/model/panda_in_a_living_room.onnx
2023-02-23 16:41:28.580 | DEBUG    | services.update:download_model_:18 - Downloading panda_in_water.onnx from https://github.com/QIN2DIM/hcaptcha-challenger/releases/download/model/panda_in_water.onnx
2023-02-23 16:41:30.280 | DEBUG    | services.update:download_model_:18 - Downloading panda_wearing_glasses.onnx from https://github.com/QIN2DIM/hcaptcha-challenger/releases/download/model/panda_wearing_glasses.onnx
2023-02-23 16:41:31.959 | DEBUG    | services.update:download_model_:18 - Downloading piano.onnx from https://github.com/QIN2DIM/hcaptcha-challenger/releases/download/model/piano.onnx
2023-02-23 16:41:34.234 | DEBUG    | services.update:download_model_:18 - Downloading pineapple.onnx from https://github.com/QIN2DIM/hcaptcha-challenger/releases/download/model/pineapple.onnx
2023-02-23 16:41:36.164 | DEBUG    | services.update:download_model_:18 - Downloading pineapple_on_pizza.onnx from https://github.com/QIN2DIM/hcaptcha-challenger/releases/download/model/pineapple_on_pizza.onnx
2023-02-23 16:41:37.769 | DEBUG    | services.update:download_model_:18 - Downloading red_roses_in_a_garden.onnx from https://github.com/QIN2DIM/hcaptcha-challenger/releases/download/model/red_roses_in_a_garden.onnx
2023-02-23 16:41:39.365 | DEBUG    | services.update:download_model_:18 - Downloading residential_house.onnx from https://github.com/QIN2DIM/hcaptcha-challenger/releases/download/model/residential_house.onnx
2023-02-23 16:41:41.614 | DEBUG    | services.update:download_model_:18 - Downloading rose.onnx from https://github.com/QIN2DIM/hcaptcha-challenger/releases/download/model/rose.onnx
2023-02-23 16:41:43.532 | DEBUG    | services.update:download_model_:18 - Downloading sea_otter.onnx from https://github.com/QIN2DIM/hcaptcha-challenger/releases/download/model/sea_otter.onnx
2023-02-23 16:41:45.319 | DEBUG    | services.update:download_model_:18 - Downloading soccer_ball.onnx from https://github.com/QIN2DIM/hcaptcha-challenger/releases/download/model/soccer_ball.onnx
2023-02-23 16:41:46.570 | DEBUG    | services.update:download_model_:18 - Downloading squirrel.onnx from https://github.com/QIN2DIM/hcaptcha-challenger/releases/download/model/squirrel.onnx
2023-02-23 16:41:48.211 | DEBUG    | services.update:download_model_:18 - Downloading squirrel_on_a_tree.onnx from https://github.com/QIN2DIM/hcaptcha-challenger/releases/download/model/squirrel_on_a_tree.onnx
2023-02-23 16:41:49.662 | DEBUG    | services.update:download_model_:18 - Downloading strawberry_in_a_basket.onnx from https://github.com/QIN2DIM/hcaptcha-challenger/releases/download/model/strawberry_in_a_basket.onnx
2023-02-23 16:41:51.018 | DEBUG    | services.update:download_model_:18 - Downloading sunflower.onnx from https://github.com/QIN2DIM/hcaptcha-challenger/releases/download/model/sunflower.onnx
2023-02-23 16:41:52.995 | DEBUG    | services.update:download_model_:18 - Downloading sunflowers_in_a_field.onnx from https://github.com/QIN2DIM/hcaptcha-challenger/releases/download/model/sunflowers_in_a_field.onnx
2023-02-23 16:41:54.617 | DEBUG    | services.update:download_model_:18 - Downloading tall_building.onnx from https://github.com/QIN2DIM/hcaptcha-challenger/releases/download/model/tall_building.onnx
2023-02-23 16:41:56.040 | DEBUG    | services.update:download_model_:18 - Downloading toy_penguin.onnx from https://github.com/QIN2DIM/hcaptcha-challenger/releases/download/model/toy_penguin.onnx
2023-02-23 16:41:57.406 | DEBUG    | services.update:download_model_:18 - Downloading tractor.onnx from https://github.com/QIN2DIM/hcaptcha-challenger/releases/download/model/tractor.onnx
2023-02-23 16:42:02.105 | DEBUG    | services.update:download_model_:18 - Downloading trumpet.onnx from https://github.com/QIN2DIM/hcaptcha-challenger/releases/download/model/trumpet.onnx
2023-02-23 16:42:06.741 | DEBUG    | services.update:download_model_:18 - Downloading tulip.onnx from https://github.com/QIN2DIM/hcaptcha-challenger/releases/download/model/tulip.onnx
2023-02-23 16:42:09.292 | DEBUG    | services.update:download_model_:18 - Downloading tulips_in_a_vase.onnx from https://github.com/QIN2DIM/hcaptcha-challenger/releases/download/model/tulips_in_a_vase.onnx
2023-02-23 16:42:10.953 | DEBUG    | services.update:download_model_:18 - Downloading violin.onnx from https://github.com/QIN2DIM/hcaptcha-challenger/releases/download/model/violin.onnx
2023-02-23 16:44:24.270 | DEBUG    | Hcaptcha.hCaptcha:_Get_Task:48 - Geting Task.
2023-02-23 16:44:27.874 | DEBUG    | Hcaptcha.hCaptcha:_Get_Task:48 - Geting Task.
2023-02-23 16:44:30.777 | DEBUG    | Hcaptcha.hCaptcha:_Get_Task:48 - Geting Task.
2023-02-23 16:44:33.540 | DEBUG    | Hcaptcha.hCaptcha:_slove:102 - Get Question: ocean
2023-02-23 16:44:33.960 | DEBUG    | services.hcaptcha_challenger.solutions.kernel:request_assets:132 - Pulling AssetsObject from https://api.github.com/repos/qin2dim/hcaptcha-challenger/releases
2023-02-23 16:44:33.961 | DEBUG    | services.hcaptcha_challenger.solutions.kernel:request_assets:132 - Pulling AssetsObject from https://api.github.com/repos/qin2dim/hcaptcha-challenger/releases
2023-02-23 16:44:33.962 | DEBUG    | services.hcaptcha_challenger.solutions.kernel:request_assets:132 - Pulling AssetsObject from https://api.github.com/repos/qin2dim/hcaptcha-challenger/releases
2023-02-23 16:44:33.962 | DEBUG    | services.hcaptcha_challenger.solutions.kernel:request_assets:132 - Pulling AssetsObject from https://api.github.com/repos/qin2dim/hcaptcha-challenger/releases
2023-02-23 16:44:33.963 | DEBUG    | services.hcaptcha_challenger.solutions.kernel:request_assets:132 - Pulling AssetsObject from https://api.github.com/repos/qin2dim/hcaptcha-challenger/releases
2023-02-23 16:44:33.963 | DEBUG    | services.hcaptcha_challenger.solutions.kernel:request_assets:132 - Pulling AssetsObject from https://api.github.com/repos/qin2dim/hcaptcha-challenger/releases
2023-02-23 16:44:33.964 | DEBUG    | services.hcaptcha_challenger.solutions.kernel:request_assets:132 - Pulling AssetsObject from https://api.github.com/repos/qin2dim/hcaptcha-challenger/releases
2023-02-23 16:44:33.964 | DEBUG    | services.hcaptcha_challenger.solutions.kernel:request_assets:132 - Pulling AssetsObject from https://api.github.com/repos/qin2dim/hcaptcha-challenger/releases
2023-02-23 16:44:33.965 | DEBUG    | services.hcaptcha_challenger.solutions.kernel:request_assets:132 - Pulling AssetsObject from https://api.github.com/repos/qin2dim/hcaptcha-challenger/releases
2023-02-23 16:44:35.256 | DEBUG    | Hcaptcha._image_recognition:_image_recognition:29 - SLoved Image: False, ocean
2023-02-23 16:44:35.256 | DEBUG    | Hcaptcha._image_recognition:_image_recognition:29 - SLoved Image: True, ocean
2023-02-23 16:44:35.448 | DEBUG    | Hcaptcha._image_recognition:_image_recognition:29 - SLoved Image: False, ocean
2023-02-23 16:44:36.312 | ERROR    | Hcaptcha.hCaptcha:_slove:133 - Captcha Error: {'c': {'type': 'hsw', 'req': 'eyJ0eXAiOiJKV1QiLCJhbGciOiJIUzI1NiJ9.eyJmIjowLCJzIjoxNiwidCI6InciLCJkIjoiTzcvWFRzRkdnN3craVhFcm1Sd2VCYk5rU1Iwb2p5VUNhZTZQcGp3aUljeEExdGh5QUJBc2IzcXA0amZkVldnbW0vZUpES2kzcSsvc25pakxEYXZ2Y3VQcGhxN0J3M0RTTG14VCs3Y1hZZktrRXBGaFlKM3pzMTVsdk9DVVB1a014WGxuU2ViK3VYQlJXdnNZd1hkdjBpenRPL0ZpRDdxdVEvdUNTNmVSdVQ0TWFlVXdJV25EM1FiSXdGVT1BYVRIOEJXYkZKelNKM3N5IiwibCI6Imh0dHBzOi8vbmV3YXNzZXRzLmhjYXB0Y2hhLmNvbS9jLzZmZGQyZjMiLCJlIjoxNjc3MTU4MzE2LCJuIjoiaHN3IiwiYyI6MTAwMH0.KCqTRtB1jiw8C1UbCmm0O19JOAslYQXX2iAJ1lBB_mU'}, 'pass': False}
2023-02-23 16:44:45.923 | DEBUG    | Hcaptcha.hCaptcha:_Get_Task:48 - Geting Task.
2023-02-23 16:44:49.006 | DEBUG    | Hcaptcha.hCaptcha:_slove:102 - Get Question: panda wearing glasses
2023-02-23 16:44:49.787 | DEBUG    | Hcaptcha._image_recognition:_image_recognition:29 - SLoved Image: True, panda wearing glasses
2023-02-23 16:44:49.789 | DEBUG    | Hcaptcha._image_recognition:_image_recognition:29 - SLoved Image: False, panda wearing glasses
2023-02-23 16:44:49.790 | DEBUG    | Hcaptcha._image_recognition:_image_recognition:29 - SLoved Image: True, panda wearing glasses
2023-02-23 16:44:49.812 | DEBUG    | Hcaptcha._image_recognition:_image_recognition:29 - SLoved Image: False, panda wearing glasses
2023-02-23 16:44:49.820 | DEBUG    | Hcaptcha._image_recognition:_image_recognition:29 - SLoved Image: False, panda wearing glasses
2023-02-23 16:44:49.854 | DEBUG    | Hcaptcha._image_recognition:_image_recognition:29 - SLoved Image: True, panda wearing glasses
2023-02-23 16:44:49.869 | DEBUG    | Hcaptcha._image_recognition:_image_recognition:29 - SLoved Image: False, panda wearing glasses
2023-02-23 16:44:49.882 | DEBUG    | Hcaptcha._image_recognition:_image_recognition:29 - SLoved Image: True, panda wearing glasses
2023-02-23 16:44:49.892 | DEBUG    | Hcaptcha._image_recognition:_image_recognition:29 - SLoved Image: True, panda wearing glasses
2023-02-23 16:44:51.957 | ERROR    | Hcaptcha.hCaptcha:_slove:133 - Captcha Error: {'c': {'type': 'hsw', 'req': 'eyJ0eXAiOiJKV1QiLCJhbGciOiJIUzI1NiJ9.eyJmIjowLCJzIjoxNiwidCI6InciLCJkIjoiSkhXdGtCR0pWd3RROU9zQkdUcTUzamZzZ2grRDRDUnFmYjA2RUhSbk94eGgrWTFYcVgwcGtaNGhNVDZaL0lDOHJvaGNxMkdlWVAxc2QrTDZUWWlvZ21BUWpEM0UydDdBZDVPRGR0d0sxRFAzc0hVU1N6cHF4ME5GdEs3MUdDbzByMmtyQU40bzBCeTlaTURZTnV4TzlNT0IzSDY2cmJnS0RPakJ0Rm5uanhnT01aRDNJZitPS2ZvaU5Ibz1XWERNZVFtQk9IUERlR09zIiwibCI6Imh0dHBzOi8vbmV3YXNzZXRzLmhjYXB0Y2hhLmNvbS9jLzZmZGQyZjMiLCJlIjoxNjc3MTU4MzMyLCJuIjoiaHN3IiwiYyI6MTAwMH0.dnU7YYW-6cJiqJRUbmheM-ltBHFR7eV-PqZvQvhimdY'}, 'pass': False}
2023-02-23 16:44:55.525 | DEBUG    | Hcaptcha.hCaptcha:_Get_Task:48 - Geting Task.
2023-02-23 16:44:59.482 | DEBUG    | Hcaptcha.hCaptcha:_slove:102 - Get Question: cow in its natural environment
2023-02-23 16:44:59.551 | DEBUG    | services.hcaptcha_challenger.core:log:219 - >> Challenge [ArmorCaptcha] lazy-loading - sign=YOLO match=None
2023-02-23 16:44:59.607 | DEBUG    | services.hcaptcha_challenger.core:log:219 - >> Challenge [ArmorCaptcha] lazy-loading - sign=YOLO match=None
2023-02-23 16:44:59.639 | DEBUG    | services.hcaptcha_challenger.core:log:219 - >> Challenge [ArmorCaptcha] lazy-loading - sign=YOLO match=None
2023-02-23 16:44:59.683 | DEBUG    | services.hcaptcha_challenger.core:log:219 - >> Challenge [ArmorCaptcha] lazy-loading - sign=YOLO match=None
2023-02-23 16:44:59.759 | DEBUG    | services.hcaptcha_challenger.core:log:219 - >> Challenge [ArmorCaptcha] lazy-loading - sign=YOLO match=None
2023-02-23 16:44:59.831 | DEBUG    | services.hcaptcha_challenger.core:log:219 - >> Challenge [ArmorCaptcha] lazy-loading - sign=YOLO match=None
2023-02-23 16:44:59.832 | DEBUG    | services.hcaptcha_challenger.core:log:219 - >> Challenge [ArmorCaptcha] lazy-loading - sign=YOLO match=None
2023-02-23 16:44:59.862 | DEBUG    | services.hcaptcha_challenger.core:log:219 - >> Challenge [ArmorCaptcha] lazy-loading - sign=YOLO match=None
2023-02-23 16:44:59.908 | DEBUG    | services.hcaptcha_challenger.core:log:219 - >> Challenge [ArmorCaptcha] lazy-loading - sign=YOLO match=None
2023-02-23 16:45:00.426 | ERROR    | Hcaptcha._image_recognition:_image_recognition:28 - Challenge type cow in its natural environment not yet supported.
2023-02-23 16:45:00.427 | DEBUG    | Hcaptcha._image_recognition:_image_recognition:29 - SLoved Image: [False], cow in its natural environment
2023-02-23 16:45:00.431 | ERROR    | Hcaptcha._image_recognition:_image_recognition:28 - Challenge type cow in its natural environment not yet supported.
2023-02-23 16:45:00.432 | DEBUG    | Hcaptcha._image_recognition:_image_recognition:29 - SLoved Image: [True], cow in its natural environment
2023-02-23 16:45:00.436 | ERROR    | Hcaptcha._image_recognition:_image_recognition:28 - Challenge type cow in its natural environment not yet supported.
2023-02-23 16:45:00.437 | DEBUG    | Hcaptcha._image_recognition:_image_recognition:29 - SLoved Image: [False], cow in its natural environment
2023-02-23 16:45:00.466 | ERROR    | Hcaptcha._image_recognition:_image_recognition:28 - Challenge type cow in its natural environment not yet supported.
2023-02-23 16:45:00.467 | DEBUG    | Hcaptcha._image_recognition:_image_recognition:29 - SLoved Image: [False], cow in its natural environment
2023-02-23 16:45:00.494 | ERROR    | Hcaptcha._image_recognition:_image_recognition:28 - Challenge type cow in its natural environment not yet supported.
2023-02-23 16:45:00.495 | DEBUG    | Hcaptcha._image_recognition:_image_recognition:29 - SLoved Image: [False], cow in its natural environment
2023-02-23 16:45:00.501 | ERROR    | Hcaptcha._image_recognition:_image_recognition:28 - Challenge type cow in its natural environment not yet supported.
2023-02-23 16:45:00.503 | DEBUG    | Hcaptcha._image_recognition:_image_recognition:29 - SLoved Image: [False], cow in its natural environment
2023-02-23 16:45:00.509 | ERROR    | Hcaptcha._image_recognition:_image_recognition:28 - Challenge type cow in its natural environment not yet supported.
2023-02-23 16:45:00.510 | DEBUG    | Hcaptcha._image_recognition:_image_recognition:29 - SLoved Image: [True], cow in its natural environment
2023-02-23 16:45:00.937 | ERROR    | Hcaptcha._image_recognition:_image_recognition:28 - Challenge type cow in its natural environment not yet supported.
2023-02-23 16:45:00.938 | DEBUG    | Hcaptcha._image_recognition:_image_recognition:29 - SLoved Image: [True], cow in its natural environment
2023-02-23 16:45:00.969 | ERROR    | Hcaptcha._image_recognition:_image_recognition:28 - Challenge type cow in its natural environment not yet supported.
2023-02-23 16:45:00.970 | DEBUG    | Hcaptcha._image_recognition:_image_recognition:29 - SLoved Image: [True], cow in its natural environment
2023-02-23 16:45:02.778 | ERROR    | Hcaptcha.hCaptcha:_slove:133 - Captcha Error: {'c': {'type': 'hsw', 'req': 'eyJ0eXAiOiJKV1QiLCJhbGciOiJIUzI1NiJ9.eyJmIjowLCJzIjoxNiwidCI6InciLCJkIjoiOTgxR2tnYWJSMjhIUllmRkJNSk54UU9lZXdDN3I5MUdoNURZWmk2bkhZRVJ4ek5QTXBhYXFGMDlhem9RVElTd1RBV3ZhNzA0S29uZ053UjRvY3lNcjNkNHFUYWM1R2NBc3NFQklyb3Z2elZTZEd1THV1VDd5RSsxdCtTTFNVZ1QwK2dzaUxVSjV5ZEZOQ21WblZMVXorQTVqNW5sRS96Z2FnOEQvYW04UUlFcjRiOUR2d2xoRldIY2ZmVT1adjkzNDh0c3FsTENEdnNiIiwibCI6Imh0dHBzOi8vbmV3YXNzZXRzLmhjYXB0Y2hhLmNvbS9jLzZmZGQyZjMiLCJlIjoxNjc3MTU4MzQzLCJuIjoiaHN3IiwiYyI6MTAwMH0.2Bgrd3lLIHO8Fg5nzOZIFjKGAt8feMp7GojhFeeql6w'}, 'pass': False, 'error': 'invalid'}
2023-02-23 16:45:05.525 | DEBUG    | Hcaptcha.hCaptcha:_Get_Task:48 - Geting Task.
2023-02-23 16:45:09.002 | DEBUG    | Hcaptcha.hCaptcha:_Get_Task:48 - Geting Task.
2023-02-23 16:45:12.910 | DEBUG    | Hcaptcha.hCaptcha:_Get_Task:48 - Geting Task.
2023-02-23 16:45:16.206 | DEBUG    | Hcaptcha.hCaptcha:_slove:102 - Get Question: panda wearing glasses
2023-02-23 16:45:16.985 | DEBUG    | Hcaptcha._image_recognition:_image_recognition:29 - SLoved Image: False, panda wearing glasses
2023-02-23 16:45:16.997 | DEBUG    | Hcaptcha._image_recognition:_image_recognition:29 - SLoved Image: True, panda wearing glasses
2023-02-23 16:45:17.026 | DEBUG    | Hcaptcha._image_recognition:_image_recognition:29 - SLoved Image: False, panda wearing glasses
2023-02-23 16:45:17.041 | DEBUG    | Hcaptcha._image_recognition:_image_recognition:29 - SLoved Image: False, panda wearing glasses
2023-02-23 16:45:17.069 | DEBUG    | Hcaptcha._image_recognition:_image_recognition:29 - SLoved Image: False, panda wearing glasses
2023-02-23 16:45:17.109 | DEBUG    | Hcaptcha._image_recognition:_image_recognition:29 - SLoved Image: False, panda wearing glasses
2023-02-23 16:45:17.332 | DEBUG    | Hcaptcha._image_recognition:_image_recognition:29 - SLoved Image: True, panda wearing glasses
2023-02-23 16:45:17.379 | DEBUG    | Hcaptcha._image_recognition:_image_recognition:29 - SLoved Image: True, panda wearing glasses
2023-02-23 16:45:17.391 | DEBUG    | Hcaptcha._image_recognition:_image_recognition:29 - SLoved Image: False, panda wearing glasses
2023-02-23 16:45:23.662 | DEBUG    | Hcaptcha.hCaptcha:_Get_Task:48 - Geting Task.
2023-02-23 16:45:26.976 | DEBUG    | Hcaptcha.hCaptcha:_slove:102 - Get Question: ocean
2023-02-23 16:45:27.770 | DEBUG    | Hcaptcha._image_recognition:_image_recognition:29 - SLoved Image: True, ocean
2023-02-23 16:45:27.777 | DEBUG    | Hcaptcha._image_recognition:_image_recognition:29 - SLoved Image: False, ocean
2023-02-23 16:45:27.802 | DEBUG    | Hcaptcha._image_recognition:_image_recognition:29 - SLoved Image: False, ocean
2023-02-23 16:45:27.811 | DEBUG    | Hcaptcha._image_recognition:_image_recognition:29 - SLoved Image: True, ocean
2023-02-23 16:45:27.816 | DEBUG    | Hcaptcha._image_recognition:_image_recognition:29 - SLoved Image: False, ocean
2023-02-23 16:45:27.827 | DEBUG    | Hcaptcha._image_recognition:_image_recognition:29 - SLoved Image: False, ocean
2023-02-23 16:45:27.875 | DEBUG    | Hcaptcha._image_recognition:_image_recognition:29 - SLoved Image: True, ocean
2023-02-23 16:45:27.901 | DEBUG    | Hcaptcha._image_recognition:_image_recognition:29 - SLoved Image: False, ocean
2023-02-23 16:45:27.927 | DEBUG    | Hcaptcha._image_recognition:_image_recognition:29 - SLoved Image: False, ocean
2023-02-23 16:48:37.821 | DEBUG    | Hcaptcha.hCaptcha:_Get_Task:48 - Geting Task.
2023-02-23 16:48:42.044 | DEBUG    | Hcaptcha.hCaptcha:_slove:102 - Get Question: ocean
2023-02-23 16:48:42.923 | DEBUG    | Hcaptcha._image_recognition:_image_recognition:29 - SLoved Image: False, ocean
2023-02-23 16:48:42.933 | DEBUG    | Hcaptcha._image_recognition:_image_recognition:29 - SLoved Image: True, ocean
2023-02-23 16:48:42.957 | DEBUG    | Hcaptcha._image_recognition:_image_recognition:29 - SLoved Image: False, ocean
2023-02-23 16:48:42.967 | DEBUG    | Hcaptcha._image_recognition:_image_recognition:29 - SLoved Image: False, ocean
2023-02-23 16:48:42.985 | DEBUG    | Hcaptcha._image_recognition:_image_recognition:29 - SLoved Image: False, ocean
2023-02-23 16:48:42.993 | DEBUG    | Hcaptcha._image_recognition:_image_recognition:29 - SLoved Image: False, ocean
2023-02-23 16:48:43.014 | DEBUG    | Hcaptcha._image_recognition:_image_recognition:29 - SLoved Image: True, ocean
2023-02-23 16:48:43.045 | DEBUG    | Hcaptcha._image_recognition:_image_recognition:29 - SLoved Image: False, ocean
2023-02-23 16:48:43.061 | DEBUG    | Hcaptcha._image_recognition:_image_recognition:29 - SLoved Image: True, ocean
2023-02-23 16:48:49.313 | DEBUG    | Hcaptcha.hCaptcha:_Get_Task:48 - Geting Task.
2023-02-23 16:49:13.835 | DEBUG    | Hcaptcha.hCaptcha:_slove:102 - Get Question: ocean
2023-02-23 16:49:24.789 | ERROR    | Hcaptcha.hCaptcha:_slove:133 - Captcha Error: {'success': False, 'error-codes': ['invalid-answers']}
2023-02-23 16:49:29.693 | DEBUG    | Hcaptcha._image_recognition:_image_recognition:29 - SLoved Image: False, ocean
2023-02-23 16:49:29.700 | DEBUG    | Hcaptcha._image_recognition:_image_recognition:29 - SLoved Image: False, ocean
2023-02-23 16:49:29.705 | DEBUG    | Hcaptcha._image_recognition:_image_recognition:29 - SLoved Image: False, ocean
2023-02-23 16:49:29.736 | DEBUG    | Hcaptcha._image_recognition:_image_recognition:29 - SLoved Image: False, ocean
2023-02-23 16:49:29.741 | DEBUG    | Hcaptcha._image_recognition:_image_recognition:29 - SLoved Image: False, ocean
2023-02-23 16:49:29.746 | DEBUG    | Hcaptcha._image_recognition:_image_recognition:29 - SLoved Image: False, ocean
2023-02-23 16:49:29.757 | DEBUG    | Hcaptcha._image_recognition:_image_recognition:29 - SLoved Image: True, ocean
2023-02-23 16:49:29.788 | DEBUG    | Hcaptcha._image_recognition:_image_recognition:29 - SLoved Image: True, ocean
2023-02-23 16:49:29.794 | DEBUG    | Hcaptcha._image_recognition:_image_recognition:29 - SLoved Image: False, ocean
2023-02-23 17:27:41.540 | DEBUG    | services.update:Installer:25 - Downloading objects.yaml from https://raw.githubusercontent.com/QIN2DIM/hcaptcha-challenger/main/src/objects.yaml
2023-02-23 17:28:44.396 | DEBUG    | services.update:Installer:25 - Downloading objects.yaml from https://raw.githubusercontent.com/QIN2DIM/hcaptcha-challenger/main/src/objects.yaml
2023-02-23 17:29:29.695 | DEBUG    | services.update:Installer:25 - Downloading objects.yaml from https://raw.githubusercontent.com/QIN2DIM/hcaptcha-challenger/main/src/objects.yaml
2023-02-23 17:29:34.308 | DEBUG    | __main__:get_task:38 - Task Created. [011fc09b6d647fd2c882]
2023-02-23 17:29:34.318 | DEBUG    | __main__:get_task:38 - Task Created. [6244a41c7c6f73d1e109]
2023-02-23 17:29:34.320 | DEBUG    | Hcaptcha.hCaptcha:_Get_Task:48 - Geting Task.
2023-02-23 17:29:34.329 | DEBUG    | Hcaptcha.hCaptcha:_Get_Task:48 - Geting Task.
2023-02-23 17:29:34.337 | DEBUG    | __main__:get_task:38 - Task Created. [ed26fe36902514007c48]
2023-02-23 17:29:34.349 | DEBUG    | __main__:get_task:38 - Task Created. [3b588e146bd611d6ca57]
2023-02-23 17:29:34.350 | DEBUG    | Hcaptcha.hCaptcha:_Get_Task:48 - Geting Task.
2023-02-23 17:29:34.363 | DEBUG    | Hcaptcha.hCaptcha:_Get_Task:48 - Geting Task.
2023-02-23 17:29:34.392 | DEBUG    | __main__:get_task:38 - Task Created. [1ec069ebf0c4950428da]
2023-02-23 17:29:34.393 | DEBUG    | __main__:get_task:38 - Task Created. [6b3096cc3fd1e3beddea]
2023-02-23 17:29:34.408 | DEBUG    | Hcaptcha.hCaptcha:_Get_Task:48 - Geting Task.
2023-02-23 17:29:34.409 | DEBUG    | __main__:get_task:38 - Task Created. [33a29cee347bfaabf5c9]
2023-02-23 17:29:34.412 | DEBUG    | Hcaptcha.hCaptcha:_Get_Task:48 - Geting Task.
2023-02-23 17:29:34.422 | DEBUG    | Hcaptcha.hCaptcha:_Get_Task:48 - Geting Task.
2023-02-23 17:29:34.431 | DEBUG    | __main__:get_task:38 - Task Created. [7099bf6890b0a6793ed7]
2023-02-23 17:29:34.447 | DEBUG    | Hcaptcha.hCaptcha:_Get_Task:48 - Geting Task.
2023-02-23 17:29:34.460 | DEBUG    | __main__:get_task:38 - Task Created. [84eaddeb61cef3638c39]
2023-02-23 17:29:34.469 | DEBUG    | __main__:get_task:38 - Task Created. [a2aab6935c91e7b8a5f6]
2023-02-23 17:29:34.480 | DEBUG    | Hcaptcha.hCaptcha:_Get_Task:48 - Geting Task.
2023-02-23 17:29:34.486 | DEBUG    | Hcaptcha.hCaptcha:_Get_Task:48 - Geting Task.
2023-02-23 17:29:34.487 | DEBUG    | __main__:get_task:38 - Task Created. [9af0fdf70004d03d57ef]
2023-02-23 17:29:34.492 | DEBUG    | __main__:get_task:38 - Task Created. [8a532d996115697373df]
2023-02-23 17:29:34.503 | DEBUG    | Hcaptcha.hCaptcha:_Get_Task:48 - Geting Task.
2023-02-23 17:29:34.504 | DEBUG    | Hcaptcha.hCaptcha:_Get_Task:48 - Geting Task.
2023-02-23 17:29:34.513 | DEBUG    | __main__:get_task:38 - Task Created. [19a953dbe551799e9691]
2023-02-23 17:29:34.527 | DEBUG    | Hcaptcha.hCaptcha:_Get_Task:48 - Geting Task.
2023-02-23 17:29:34.541 | DEBUG    | __main__:get_task:38 - Task Created. [b02fdda25caa21852da2]
2023-02-23 17:29:34.546 | DEBUG    | __main__:get_task:38 - Task Created. [7dc31549c20b6573f773]
2023-02-23 17:29:34.558 | DEBUG    | Hcaptcha.hCaptcha:_Get_Task:48 - Geting Task.
2023-02-23 17:29:34.561 | DEBUG    | Hcaptcha.hCaptcha:_Get_Task:48 - Geting Task.
2023-02-23 17:29:34.588 | DEBUG    | __main__:get_task:38 - Task Created. [8fb5c47b811438cbb9fe]
2023-02-23 17:29:34.603 | DEBUG    | __main__:get_task:38 - Task Created. [bd2bf4cc44b9fbf21d71]
2023-02-23 17:29:34.605 | DEBUG    | Hcaptcha.hCaptcha:_Get_Task:48 - Geting Task.
2023-02-23 17:29:34.607 | DEBUG    | __main__:get_task:38 - Task Created. [dbce331a5c4e3894e248]
2023-02-23 17:29:34.623 | DEBUG    | __main__:get_task:38 - Task Created. [1ae51ed4f3166c6133bc]
2023-02-23 17:29:34.625 | DEBUG    | Hcaptcha.hCaptcha:_Get_Task:48 - Geting Task.
2023-02-23 17:29:34.635 | DEBUG    | Hcaptcha.hCaptcha:_Get_Task:48 - Geting Task.
2023-02-23 17:29:34.640 | DEBUG    | Hcaptcha.hCaptcha:_Get_Task:48 - Geting Task.
2023-02-23 17:29:34.655 | DEBUG    | __main__:get_task:38 - Task Created. [4fea1b5e292d2cff7ee7]
2023-02-23 17:29:34.671 | DEBUG    | Hcaptcha.hCaptcha:_Get_Task:48 - Geting Task.
2023-02-23 17:29:39.820 | DEBUG    | Hcaptcha.hCaptcha:_slove:102 - Get Question: bear in the water
2023-02-23 17:29:41.222 | DEBUG    | Hcaptcha.hCaptcha:_Get_Task:48 - Geting Task.
2023-02-23 17:29:41.524 | DEBUG    | Hcaptcha.hCaptcha:_Get_Task:48 - Geting Task.
2023-02-23 17:29:41.716 | DEBUG    | Hcaptcha.hCaptcha:_slove:102 - Get Question: hockey match
2023-02-23 17:29:42.133 | DEBUG    | Hcaptcha.hCaptcha:_slove:102 - Get Question: hamster
2023-02-23 17:29:42.513 | DEBUG    | Hcaptcha.hCaptcha:_slove:102 - Get Question: guitar
2023-02-23 17:29:42.515 | DEBUG    | Hcaptcha.hCaptcha:_slove:102 - Get Question: soccer ball
2023-02-23 17:29:42.596 | DEBUG    | Hcaptcha.hCaptcha:_slove:102 - Get Question: panda wearing glasses
2023-02-23 17:29:42.618 | DEBUG    | Hcaptcha.hCaptcha:_slove:102 - Get Question: soccer ball
2023-02-23 17:29:42.625 | DEBUG    | Hcaptcha.hCaptcha:_slove:102 - Get Question: hamster
2023-02-23 17:29:42.645 | DEBUG    | Hcaptcha._image_recognition:_image_recognition:29 - SLoved Image: True, bear in the water
2023-02-23 17:29:42.673 | DEBUG    | Hcaptcha._image_recognition:_image_recognition:29 - SLoved Image: False, bear in the water
2023-02-23 17:29:42.678 | DEBUG    | Hcaptcha._image_recognition:_image_recognition:29 - SLoved Image: False, bear in the water
2023-02-23 17:29:42.688 | DEBUG    | Hcaptcha._image_recognition:_image_recognition:29 - SLoved Image: False, bear in the water
2023-02-23 17:29:43.032 | DEBUG    | Hcaptcha.hCaptcha:_slove:102 - Get Question: guitar
2023-02-23 17:29:43.424 | DEBUG    | Hcaptcha._image_recognition:_image_recognition:29 - SLoved Image: False, bear in the water
2023-02-23 17:29:43.517 | DEBUG    | Hcaptcha._image_recognition:_image_recognition:29 - SLoved Image: False, bear in the water
2023-02-23 17:29:43.518 | DEBUG    | Hcaptcha._image_recognition:_image_recognition:29 - SLoved Image: True, hockey match
2023-02-23 17:29:43.578 | DEBUG    | Hcaptcha.hCaptcha:_slove:102 - Get Question: bear in the water
2023-02-23 17:29:43.653 | DEBUG    | Hcaptcha._image_recognition:_image_recognition:29 - SLoved Image: False, bear in the water
2023-02-23 17:29:43.902 | DEBUG    | Hcaptcha._image_recognition:_image_recognition:29 - SLoved Image: False, hockey match
2023-02-23 17:29:43.915 | DEBUG    | Hcaptcha._image_recognition:_image_recognition:29 - SLoved Image: True, hockey match
2023-02-23 17:29:43.916 | DEBUG    | Hcaptcha._image_recognition:_image_recognition:29 - SLoved Image: False, hockey match
2023-02-23 17:29:43.962 | DEBUG    | Hcaptcha.hCaptcha:_slove:102 - Get Question: soccer ball
2023-02-23 17:29:43.983 | DEBUG    | Hcaptcha._image_recognition:_image_recognition:29 - SLoved Image: False, hockey match
2023-02-23 17:29:44.036 | DEBUG    | Hcaptcha.hCaptcha:_slove:102 - Get Question: panda wearing glasses
2023-02-23 17:29:44.037 | DEBUG    | Hcaptcha._image_recognition:_image_recognition:29 - SLoved Image: True, hamster
2023-02-23 17:29:44.054 | DEBUG    | Hcaptcha.hCaptcha:_Get_Task:48 - Geting Task.
2023-02-23 17:29:44.132 | DEBUG    | Hcaptcha._image_recognition:_image_recognition:29 - SLoved Image: False, hockey match
2023-02-23 17:29:44.147 | DEBUG    | Hcaptcha.hCaptcha:_Get_Task:48 - Geting Task.
2023-02-23 17:29:44.214 | DEBUG    | Hcaptcha._image_recognition:_image_recognition:29 - SLoved Image: False, hockey match
2023-02-23 17:29:44.227 | DEBUG    | Hcaptcha.hCaptcha:_Get_Task:48 - Geting Task.
2023-02-23 17:29:44.686 | DEBUG    | Hcaptcha._image_recognition:_image_recognition:29 - SLoved Image: False, bear in the water
2023-02-23 17:29:44.700 | DEBUG    | Hcaptcha._image_recognition:_image_recognition:29 - SLoved Image: True, hockey match
2023-02-23 17:29:44.747 | DEBUG    | Hcaptcha._image_recognition:_image_recognition:29 - SLoved Image: False, hamster
2023-02-23 17:29:44.753 | DEBUG    | Hcaptcha._image_recognition:_image_recognition:29 - SLoved Image: True, hamster
2023-02-23 17:29:44.776 | DEBUG    | Hcaptcha._image_recognition:_image_recognition:29 - SLoved Image: False, hamster
2023-02-23 17:29:44.792 | DEBUG    | Hcaptcha._image_recognition:_image_recognition:29 - SLoved Image: False, hockey match
2023-02-23 17:29:44.852 | DEBUG    | Hcaptcha._image_recognition:_image_recognition:29 - SLoved Image: True, hamster
2023-02-23 17:29:44.901 | DEBUG    | Hcaptcha._image_recognition:_image_recognition:29 - SLoved Image: False, hamster
2023-02-23 17:29:44.989 | DEBUG    | Hcaptcha._image_recognition:_image_recognition:29 - SLoved Image: True, hamster
2023-02-23 17:29:44.990 | DEBUG    | Hcaptcha.hCaptcha:_slove:102 - Get Question: guitar
2023-02-23 17:29:44.996 | DEBUG    | Hcaptcha._image_recognition:_image_recognition:29 - SLoved Image: False, hamster
2023-02-23 17:29:45.006 | DEBUG    | Hcaptcha._image_recognition:_image_recognition:29 - SLoved Image: False, hamster
2023-02-23 17:29:45.018 | DEBUG    | Hcaptcha._image_recognition:_image_recognition:29 - SLoved Image: True, guitar
2023-02-23 17:29:45.067 | DEBUG    | Hcaptcha._image_recognition:_image_recognition:29 - SLoved Image: True, soccer ball
2023-02-23 17:29:45.314 | DEBUG    | Hcaptcha._image_recognition:_image_recognition:29 - SLoved Image: False, panda wearing glasses
2023-02-23 17:29:45.521 | DEBUG    | Hcaptcha._image_recognition:_image_recognition:29 - SLoved Image: True, bear in the water
2023-02-23 17:29:45.527 | DEBUG    | Hcaptcha._image_recognition:_image_recognition:29 - SLoved Image: False, soccer ball
2023-02-23 17:29:45.528 | DEBUG    | Hcaptcha._image_recognition:_image_recognition:29 - SLoved Image: False, soccer ball
2023-02-23 17:29:45.744 | DEBUG    | Hcaptcha._image_recognition:_image_recognition:29 - SLoved Image: True, soccer ball
2023-02-23 17:29:45.747 | DEBUG    | Hcaptcha._image_recognition:_image_recognition:29 - SLoved Image: False, soccer ball
2023-02-23 17:29:45.754 | DEBUG    | Hcaptcha._image_recognition:_image_recognition:29 - SLoved Image: True, guitar
2023-02-23 17:29:45.785 | DEBUG    | Hcaptcha._image_recognition:_image_recognition:29 - SLoved Image: True, soccer ball
2023-02-23 17:29:45.833 | DEBUG    | Hcaptcha._image_recognition:_image_recognition:29 - SLoved Image: True, soccer ball
2023-02-23 17:29:45.942 | DEBUG    | Hcaptcha._image_recognition:_image_recognition:29 - SLoved Image: False, panda wearing glasses
2023-02-23 17:29:46.038 | DEBUG    | Hcaptcha._image_recognition:_image_recognition:29 - SLoved Image: False, soccer ball
2023-02-23 17:29:46.039 | DEBUG    | Hcaptcha._image_recognition:_image_recognition:29 - SLoved Image: False, soccer ball
2023-02-23 17:29:46.044 | DEBUG    | Hcaptcha._image_recognition:_image_recognition:29 - SLoved Image: False, hamster
2023-02-23 17:29:46.044 | DEBUG    | Hcaptcha._image_recognition:_image_recognition:29 - SLoved Image: False, hamster
2023-02-23 17:29:46.044 | DEBUG    | Hcaptcha._image_recognition:_image_recognition:29 - SLoved Image: False, soccer ball
2023-02-23 17:29:46.057 | DEBUG    | Hcaptcha._image_recognition:_image_recognition:29 - SLoved Image: False, panda wearing glasses
2023-02-23 17:29:46.324 | DEBUG    | Hcaptcha._image_recognition:_image_recognition:29 - SLoved Image: False, guitar
2023-02-23 17:29:46.325 | DEBUG    | Hcaptcha._image_recognition:_image_recognition:29 - SLoved Image: True, soccer ball
2023-02-23 17:29:46.462 | DEBUG    | Hcaptcha._image_recognition:_image_recognition:29 - SLoved Image: False, guitar
2023-02-23 17:29:46.478 | DEBUG    | Hcaptcha._image_recognition:_image_recognition:29 - SLoved Image: False, soccer ball
2023-02-23 17:29:46.480 | DEBUG    | Hcaptcha._image_recognition:_image_recognition:29 - SLoved Image: True, panda wearing glasses
2023-02-23 17:29:46.483 | DEBUG    | Hcaptcha._image_recognition:_image_recognition:29 - SLoved Image: True, hamster
2023-02-23 17:29:46.617 | DEBUG    | Hcaptcha._image_recognition:_image_recognition:29 - SLoved Image: True, hamster
2023-02-23 17:29:46.649 | DEBUG    | Hcaptcha._image_recognition:_image_recognition:29 - SLoved Image: True, soccer ball
2023-02-23 17:29:46.804 | DEBUG    | Hcaptcha._image_recognition:_image_recognition:29 - SLoved Image: False, hamster
2023-02-23 17:29:46.833 | DEBUG    | Hcaptcha._image_recognition:_image_recognition:29 - SLoved Image: False, soccer ball
2023-02-23 17:29:46.865 | DEBUG    | Hcaptcha._image_recognition:_image_recognition:29 - SLoved Image: True, bear in the water
2023-02-23 17:29:46.925 | DEBUG    | Hcaptcha._image_recognition:_image_recognition:29 - SLoved Image: True, guitar
2023-02-23 17:29:46.941 | DEBUG    | Hcaptcha._image_recognition:_image_recognition:29 - SLoved Image: True, hamster
2023-02-23 17:29:46.942 | DEBUG    | Hcaptcha._image_recognition:_image_recognition:29 - SLoved Image: True, hamster
2023-02-23 17:29:46.971 | DEBUG    | Hcaptcha._image_recognition:_image_recognition:29 - SLoved Image: False, soccer ball
2023-02-23 17:29:47.001 | DEBUG    | Hcaptcha._image_recognition:_image_recognition:29 - SLoved Image: False, guitar
2023-02-23 17:29:47.068 | DEBUG    | Hcaptcha._image_recognition:_image_recognition:29 - SLoved Image: False, hamster
2023-02-23 17:29:47.079 | DEBUG    | Hcaptcha._image_recognition:_image_recognition:29 - SLoved Image: True, bear in the water
2023-02-23 17:29:47.083 | DEBUG    | Hcaptcha._image_recognition:_image_recognition:29 - SLoved Image: False, panda wearing glasses
2023-02-23 17:29:47.106 | DEBUG    | Hcaptcha._image_recognition:_image_recognition:29 - SLoved Image: True, soccer ball
2023-02-23 17:29:47.117 | DEBUG    | Hcaptcha._image_recognition:_image_recognition:29 - SLoved Image: False, hamster
2023-02-23 17:29:47.153 | DEBUG    | Hcaptcha._image_recognition:_image_recognition:29 - SLoved Image: True, guitar
2023-02-23 17:29:47.161 | DEBUG    | Hcaptcha._image_recognition:_image_recognition:29 - SLoved Image: False, bear in the water
2023-02-23 17:29:47.517 | DEBUG    | Hcaptcha._image_recognition:_image_recognition:29 - SLoved Image: False, guitar
2023-02-23 17:29:47.077 | ERROR    | Hcaptcha.hCaptcha:_slove:133 - Captcha Error: {'success': False, 'error-codes': ['invalid-answers']}
2023-02-23 17:29:47.597 | DEBUG    | Hcaptcha._image_recognition:_image_recognition:29 - SLoved Image: True, guitar
2023-02-23 17:29:47.671 | DEBUG    | Hcaptcha._image_recognition:_image_recognition:29 - SLoved Image: False, guitar
2023-02-23 17:29:47.746 | DEBUG    | Hcaptcha._image_recognition:_image_recognition:29 - SLoved Image: True, bear in the water
2023-02-23 17:29:47.784 | DEBUG    | Hcaptcha._image_recognition:_image_recognition:29 - SLoved Image: False, bear in the water
2023-02-23 17:29:47.796 | DEBUG    | __main__:SLove:68 - Error With Sloving Captcha. [7dc31549c20b6573f773]
2023-02-23 17:29:47.908 | DEBUG    | Hcaptcha._image_recognition:_image_recognition:29 - SLoved Image: False, guitar
2023-02-23 17:29:47.938 | ERROR    | Hcaptcha.hCaptcha:_slove:133 - Captcha Error: {'success': False, 'error-codes': ['invalid-answers']}
2023-02-23 17:29:47.939 | DEBUG    | __main__:SLove:68 - Error With Sloving Captcha. [3b588e146bd611d6ca57]
2023-02-23 17:29:47.984 | DEBUG    | Hcaptcha._image_recognition:_image_recognition:29 - SLoved Image: True, guitar
2023-02-23 17:29:48.123 | DEBUG    | Hcaptcha._image_recognition:_image_recognition:29 - SLoved Image: False, panda wearing glasses
2023-02-23 17:29:48.217 | DEBUG    | Hcaptcha._image_recognition:_image_recognition:29 - SLoved Image: False, soccer ball
2023-02-23 17:29:48.226 | DEBUG    | Hcaptcha._image_recognition:_image_recognition:29 - SLoved Image: True, guitar
2023-02-23 17:29:48.243 | DEBUG    | Hcaptcha._image_recognition:_image_recognition:29 - SLoved Image: True, panda wearing glasses
2023-02-23 17:29:48.254 | DEBUG    | Hcaptcha._image_recognition:_image_recognition:29 - SLoved Image: False, panda wearing glasses
2023-02-23 17:29:48.291 | DEBUG    | Hcaptcha._image_recognition:_image_recognition:29 - SLoved Image: True, panda wearing glasses
2023-02-23 17:29:48.358 | DEBUG    | Hcaptcha._image_recognition:_image_recognition:29 - SLoved Image: False, panda wearing glasses
2023-02-23 17:29:48.405 | DEBUG    | Hcaptcha._image_recognition:_image_recognition:29 - SLoved Image: True, soccer ball
2023-02-23 17:29:48.489 | DEBUG    | Hcaptcha._image_recognition:_image_recognition:29 - SLoved Image: False, bear in the water
2023-02-23 17:29:48.506 | DEBUG    | Hcaptcha._image_recognition:_image_recognition:29 - SLoved Image: False, soccer ball
2023-02-23 17:29:48.544 | DEBUG    | Hcaptcha._image_recognition:_image_recognition:29 - SLoved Image: True, guitar
2023-02-23 17:29:48.558 | DEBUG    | Hcaptcha._image_recognition:_image_recognition:29 - SLoved Image: False, soccer ball
2023-02-23 17:29:48.636 | DEBUG    | Hcaptcha._image_recognition:_image_recognition:29 - SLoved Image: False, panda wearing glasses
2023-02-23 17:29:48.687 | DEBUG    | Hcaptcha._image_recognition:_image_recognition:29 - SLoved Image: True, panda wearing glasses
2023-02-23 17:29:48.699 | DEBUG    | Hcaptcha._image_recognition:_image_recognition:29 - SLoved Image: True, bear in the water
2023-02-23 17:29:48.770 | DEBUG    | Hcaptcha._image_recognition:_image_recognition:29 - SLoved Image: False, panda wearing glasses
2023-02-23 17:29:48.798 | ERROR    | Hcaptcha.hCaptcha:_slove:133 - Captcha Error: {'c': {'type': 'hsw', 'req': 'eyJ0eXAiOiJKV1QiLCJhbGciOiJIUzI1NiJ9.eyJmIjowLCJzIjoxNiwidCI6InciLCJkIjoiWjJPYjFMTHcrQlZENFNiS3lUdVJMU3NJQjUycGR1MWJkTDdCdzhxUllROURaRFVoNTdPMWhkMTIyV2hkUENyMXpGa29LNEZCWFNlSDFjOXV0MWUySDZUUjIzVWhNZkxBNTVQRldGMGJNMVBTS2FMQUxnQVZjb3dyNDgzbXMxQkV4R2JzTjVsb3J4UGJVcUN0c2VBQWtIbzlUbTZ3c1lSU1M1VEdWOG1XM3JkNWpRc3RMNEdIL1puUWpyND1jd3Q4bThPQ0lraFNMWTN3IiwibCI6Imh0dHBzOi8vbmV3YXNzZXRzLmhjYXB0Y2hhLmNvbS9jLzZmZGQyZjMiLCJlIjoxNjc3MTYxMDI5LCJuIjoiaHN3IiwiYyI6MTAwMH0.M3kD5sLEsNaKL7h4erc3Xx1-5i5kfZx0utUy6QN5Cjg'}, 'pass': False}
2023-02-23 17:29:48.799 | DEBUG    | __main__:SLove:68 - Error With Sloving Captcha. [bd2bf4cc44b9fbf21d71]
2023-02-23 17:29:48.810 | DEBUG    | Hcaptcha._image_recognition:_image_recognition:29 - SLoved Image: False, guitar
2023-02-23 17:29:48.868 | DEBUG    | Hcaptcha._image_recognition:_image_recognition:29 - SLoved Image: False, soccer ball
2023-02-23 17:29:48.879 | DEBUG    | Hcaptcha._image_recognition:_image_recognition:29 - SLoved Image: False, soccer ball
2023-02-23 17:29:49.129 | DEBUG    | Hcaptcha._image_recognition:_image_recognition:29 - SLoved Image: False, bear in the water
2023-02-23 17:29:49.167 | DEBUG    | Hcaptcha._image_recognition:_image_recognition:29 - SLoved Image: False, bear in the water
2023-02-23 17:29:49.210 | DEBUG    | Hcaptcha._image_recognition:_image_recognition:29 - SLoved Image: True, guitar
2023-02-23 17:29:49.237 | DEBUG    | Hcaptcha._image_recognition:_image_recognition:29 - SLoved Image: True, panda wearing glasses
2023-02-23 17:29:49.321 | DEBUG    | Hcaptcha._image_recognition:_image_recognition:29 - SLoved Image: True, soccer ball
2023-02-23 17:29:49.342 | DEBUG    | Hcaptcha._image_recognition:_image_recognition:29 - SLoved Image: False, soccer ball
2023-02-23 17:29:49.343 | DEBUG    | Hcaptcha._image_recognition:_image_recognition:29 - SLoved Image: True, guitar
2023-02-23 17:29:49.612 | DEBUG    | Hcaptcha._image_recognition:_image_recognition:29 - SLoved Image: False, guitar
2023-02-23 17:29:49.655 | DEBUG    | Hcaptcha._image_recognition:_image_recognition:29 - SLoved Image: True, guitar
2023-02-23 17:29:49.655 | DEBUG    | Hcaptcha._image_recognition:_image_recognition:29 - SLoved Image: False, soccer ball
2023-02-23 17:29:49.738 | ERROR    | Hcaptcha.hCaptcha:_slove:133 - Captcha Error: {'c': {'type': 'hsw', 'req': 'eyJ0eXAiOiJKV1QiLCJhbGciOiJIUzI1NiJ9.eyJmIjowLCJzIjoxNiwidCI6InciLCJkIjoiMUJhRUxzMUtJVFFCNzVPdWxWWlZsV1ZWRlNBZmI5eHR3QUJrNUpLdVc1RWxZSmtaUGxyRUJpZEJkTTVHZjRTN0JFa1NEZU55Yk80c0dlc1lQZTY4Q0xmOFlrUUxHdTdEdGw2NWNxL2RuemJIMjlFUWZhL1FuNGN0ZkRzUmJRTnNVN2ZJc20rRTByblFvT3pxRkc2d3FNTmhjYWg4WnZlTmY4OG9ES1RjNk1uZVN2RllNTDc0dXZlWSttRT04dkc5SEx1NFVTb09hdzRvIiwibCI6Imh0dHBzOi8vbmV3YXNzZXRzLmhjYXB0Y2hhLmNvbS9jLzZmZGQyZjMiLCJlIjoxNjc3MTYxMDMwLCJuIjoiaHN3IiwiYyI6MTAwMH0.i2-1yI0BNp7ulGWbzZShF7AkvdbdpX1KEMoQVHp3w8Y'}, 'pass': False, 'error': 'invalid'}
2023-02-23 17:29:49.745 | DEBUG    | __main__:SLove:68 - Error With Sloving Captcha. [6244a41c7c6f73d1e109]
2023-02-23 17:29:49.839 | DEBUG    | Hcaptcha._image_recognition:_image_recognition:29 - SLoved Image: True, soccer ball
2023-02-23 17:29:49.909 | DEBUG    | Hcaptcha._image_recognition:_image_recognition:29 - SLoved Image: False, guitar
2023-02-23 17:29:50.041 | DEBUG    | Hcaptcha.hCaptcha:_slove:102 - Get Question: ocean
2023-02-23 17:29:50.504 | DEBUG    | Hcaptcha._image_recognition:_image_recognition:29 - SLoved Image: True, panda wearing glasses
2023-02-23 17:29:50.507 | DEBUG    | Hcaptcha._image_recognition:_image_recognition:29 - SLoved Image: False, guitar
2023-02-23 17:29:50.642 | ERROR    | Hcaptcha.hCaptcha:_slove:133 - Captcha Error: {'c': {'type': 'hsw', 'req': 'eyJ0eXAiOiJKV1QiLCJhbGciOiJIUzI1NiJ9.eyJmIjowLCJzIjoxNiwidCI6InciLCJkIjoia1RyanhnQVBFZHNRSVpUYUFPUUV5ZFMvMG5CT3BDRndoQ2NQdHhrSzZoN2lGc0NlT2ZlbnJTSHMwTURZRVV3OGNXeDRVL2UyejU0ckp2RlowYk1VRkt2Q3RSbkpnTitNc2kvam56N2pkYXdhbENvQWw4dXViWlNXcEhucXZTT2JEcFhrR1VqdjdLeDVBUC9kcVFtVzFPaFZPTWY3SnZFNEgvZUVqVzU1ZjlENHdTSm1OTHFDSDIrelNNaz0rN0NKOGNtaHZhcWpaRVkrIiwibCI6Imh0dHBzOi8vbmV3YXNzZXRzLmhjYXB0Y2hhLmNvbS9jLzZmZGQyZjMiLCJlIjoxNjc3MTYxMDMwLCJuIjoiaHN3IiwiYyI6MTAwMH0.Wk_2LkPwEEbEAtvVsYGIwTz-_TrkXYs_IQYbGWSpSRk'}, 'pass': False, 'error': 'invalid'}
2023-02-23 17:29:50.646 | DEBUG    | __main__:SLove:68 - Error With Sloving Captcha. [9af0fdf70004d03d57ef]
2023-02-23 17:29:50.893 | DEBUG    | Hcaptcha._image_recognition:_image_recognition:29 - SLoved Image: False, ocean
2023-02-23 17:29:50.959 | DEBUG    | Hcaptcha._image_recognition:_image_recognition:29 - SLoved Image: False, ocean
2023-02-23 17:29:50.963 | ERROR    | Hcaptcha.hCaptcha:_slove:133 - Captcha Error: {'c': {'type': 'hsw', 'req': 'eyJ0eXAiOiJKV1QiLCJhbGciOiJIUzI1NiJ9.eyJmIjowLCJzIjoxNiwidCI6InciLCJkIjoibTYvRGkxQk11RnFMOVJJdjhiLzlMQno0cEhpclpHYUk2SW5oWXU1TWt5NEV1TVpTK3hIR21JVkZDZlIzTWpxUzJySHkzdURMM1lhQzdvZHdVQmNJcm8vSnRKVE5HcjlDanZHb0ppWWV6L3hPeTdrUldsQ1M3bmJiaE0xUDlENE9TaWNOLzBLa1lxS3pNeUxYcnpRVWxnVHR6L0JoUDdOd05QUEdlbzlIUmlONzVaSGx6ZHl1cWZqTGRoWT1LVU9uaCtpdlI4RjZlZzBiIiwibCI6Imh0dHBzOi8vbmV3YXNzZXRzLmhjYXB0Y2hhLmNvbS9jLzZmZGQyZjMiLCJlIjoxNjc3MTYxMDMxLCJuIjoiaHN3IiwiYyI6MTAwMH0.f9sSu9VwzWUC20Wwur2H0MyTzX-Vb6VcUlfMdlbprLk'}, 'pass': False}
2023-02-23 17:29:50.966 | DEBUG    | __main__:SLove:68 - Error With Sloving Captcha. [8fb5c47b811438cbb9fe]
2023-02-23 17:29:50.968 | DEBUG    | Hcaptcha._image_recognition:_image_recognition:29 - SLoved Image: False, ocean
2023-02-23 17:29:50.990 | DEBUG    | Hcaptcha._image_recognition:_image_recognition:29 - SLoved Image: False, ocean
2023-02-23 17:29:51.007 | DEBUG    | Hcaptcha._image_recognition:_image_recognition:29 - SLoved Image: True, ocean
2023-02-23 17:29:51.388 | DEBUG    | Hcaptcha._image_recognition:_image_recognition:29 - SLoved Image: False, ocean
2023-02-23 17:29:51.478 | DEBUG    | Hcaptcha._image_recognition:_image_recognition:29 - SLoved Image: False, guitar
2023-02-23 17:29:51.513 | DEBUG    | Hcaptcha._image_recognition:_image_recognition:29 - SLoved Image: True, ocean
2023-02-23 17:29:51.554 | DEBUG    | Hcaptcha._image_recognition:_image_recognition:29 - SLoved Image: False, ocean
2023-02-23 17:29:51.579 | DEBUG    | Hcaptcha._image_recognition:_image_recognition:29 - SLoved Image: False, ocean
2023-02-23 17:29:51.843 | DEBUG    | Hcaptcha._image_recognition:_image_recognition:29 - SLoved Image: False, guitar
2023-02-23 17:29:51.890 | DEBUG    | Hcaptcha._image_recognition:_image_recognition:29 - SLoved Image: False, guitar
2023-02-23 17:29:52.340 | DEBUG    | __main__:SLove:70 - Captcha SLoved: P1_eyJ0eXAiOiJKV1QiLCJhbGciOiJIU. [a2aab6935c91e7b8a5f6]
2023-02-23 17:29:52.457 | ERROR    | Hcaptcha.hCaptcha:_slove:133 - Captcha Error: {'c': {'type': 'hsw', 'req': 'eyJ0eXAiOiJKV1QiLCJhbGciOiJIUzI1NiJ9.eyJmIjowLCJzIjoxNiwidCI6InciLCJkIjoiYVcraWNBMllkNXl3SFlZVm51azllcDl6OHNQR3J5NjZTYjBPSmRrZnlIK3ZvWVlHVGVOZlhEc1g4aWduY3pPQ2diMDNjM3U4NlhZVDc3TEZLekhJbUZjM3NqVUNDcjQvNXVsb1FWeFpqQ2JlZ2h1VjZ5Um1hN041TVNJNTA4d3B6RGtWbmZML1FYUUhSSGozaW1zeWRQTVFtME5iT295MEkzVEVjZ1ZtNjZkTGRNei9ETnd3QlQzZnh2Yz1tZXdZaWZ0SC9VeVBXSS9sIiwibCI6Imh0dHBzOi8vbmV3YXNzZXRzLmhjYXB0Y2hhLmNvbS9jLzZmZGQyZjMiLCJlIjoxNjc3MTYxMDMyLCJuIjoiaHN3IiwiYyI6MTAwMH0.4jiDX3p5KfIJC6kjq1Q_5Tojuzxu6r0yNG8tJ1hn60M'}, 'pass': False}
2023-02-23 17:29:52.460 | DEBUG    | __main__:SLove:68 - Error With Sloving Captcha. [6b3096cc3fd1e3beddea]
2023-02-23 17:29:52.598 | DEBUG    | __main__:SLove:70 - Captcha SLoved: P1_eyJ0eXAiOiJKV1QiLCJhbGciOiJIU. [b02fdda25caa21852da2]
2023-02-23 17:29:52.665 | DEBUG    | Hcaptcha._image_recognition:_image_recognition:29 - SLoved Image: True, guitar
2023-02-23 17:29:52.672 | DEBUG    | Hcaptcha._image_recognition:_image_recognition:29 - SLoved Image: False, soccer ball
2023-02-23 17:29:52.722 | DEBUG    | __main__:SLove:70 - Captcha SLoved: P1_eyJ0eXAiOiJKV1QiLCJhbGciOiJIU. [1ae51ed4f3166c6133bc]
2023-02-23 17:29:52.973 | DEBUG    | Hcaptcha.hCaptcha:_slove:102 - Get Question: soccer ball
2023-02-23 17:29:53.355 | DEBUG    | Hcaptcha._image_recognition:_image_recognition:29 - SLoved Image: True, panda wearing glasses
2023-02-23 17:29:53.419 | DEBUG    | __main__:SLove:70 - Captcha SLoved: P1_eyJ0eXAiOiJKV1QiLCJhbGciOiJIU. [7099bf6890b0a6793ed7]
2023-02-23 17:29:53.420 | DEBUG    | Hcaptcha._image_recognition:_image_recognition:29 - SLoved Image: False, guitar
2023-02-23 17:29:53.510 | DEBUG    | Hcaptcha.hCaptcha:_slove:102 - Get Question: soccer ball
2023-02-23 17:29:53.756 | DEBUG    | Hcaptcha._image_recognition:_image_recognition:29 - SLoved Image: True, guitar
2023-02-23 17:29:54.092 | DEBUG    | Hcaptcha._image_recognition:_image_recognition:29 - SLoved Image: True, soccer ball
2023-02-23 17:29:54.142 | DEBUG    | Hcaptcha._image_recognition:_image_recognition:29 - SLoved Image: False, soccer ball
2023-02-23 17:29:54.259 | DEBUG    | Hcaptcha._image_recognition:_image_recognition:29 - SLoved Image: True, soccer ball
2023-02-23 17:29:54.271 | DEBUG    | Hcaptcha._image_recognition:_image_recognition:29 - SLoved Image: False, soccer ball
2023-02-23 17:29:54.314 | DEBUG    | Hcaptcha._image_recognition:_image_recognition:29 - SLoved Image: True, soccer ball
2023-02-23 17:29:54.384 | DEBUG    | Hcaptcha._image_recognition:_image_recognition:29 - SLoved Image: True, soccer ball
2023-02-23 17:29:54.419 | DEBUG    | Hcaptcha._image_recognition:_image_recognition:29 - SLoved Image: True, soccer ball
2023-02-23 17:29:54.431 | DEBUG    | Hcaptcha._image_recognition:_image_recognition:29 - SLoved Image: False, soccer ball
2023-02-23 17:29:54.446 | DEBUG    | __main__:SLove:68 - Error With Sloving Captcha. [33a29cee347bfaabf5c9]
2023-02-23 17:29:54.490 | DEBUG    | Hcaptcha._image_recognition:_image_recognition:29 - SLoved Image: False, soccer ball
2023-02-23 17:29:54.507 | DEBUG    | Hcaptcha._image_recognition:_image_recognition:29 - SLoved Image: True, soccer ball
2023-02-23 17:29:54.582 | ERROR    | Hcaptcha.hCaptcha:_slove:133 - Captcha Error: {'c': {'type': 'hsw', 'req': 'eyJ0eXAiOiJKV1QiLCJhbGciOiJIUzI1NiJ9.eyJmIjowLCJzIjoxNiwidCI6InciLCJkIjoiQnJ1WkpZUXhpZ2hSMjQ1ckgrZ3FaZU15SExwUTVRa1lWTnk2UzZyeStUYmdmY1BPVXNRc1B5RDFabjZveDlrR2lPT2p1OWlzOSs2S2dDUHQxSEdQK3NyTzB1aG0wVk9GMVVpN1pwVVRDUTVqUkFkbTd2SlJ6VlVqWUxxZWNzRWRBTUExelN0eXc2STEzK3JWVWNtVVp1ekxnSlF6c3lyMTI0Y2o2dkhNMGRyT0ZZaC8vNzFkNFkxaDl2Zz1mL2hNMnZjaTljcmpJMmxIIiwibCI6Imh0dHBzOi8vbmV3YXNzZXRzLmhjYXB0Y2hhLmNvbS9jLzZmZGQyZjMiLCJlIjoxNjc3MTYxMDM0LCJuIjoiaHN3IiwiYyI6MTAwMH0.w81j2WiVLeDROB2tuhwDCrvafzaxgn-ohbaIF7dgHW4'}, 'pass': False}
2023-02-23 17:29:54.585 | DEBUG    | __main__:SLove:68 - Error With Sloving Captcha. [8a532d996115697373df]
2023-02-23 17:29:54.587 | DEBUG    | Hcaptcha._image_recognition:_image_recognition:29 - SLoved Image: False, soccer ball
2023-02-23 17:29:54.764 | DEBUG    | Hcaptcha.hCaptcha:_Get_Task:48 - Geting Task.
2023-02-23 17:29:54.813 | DEBUG    | Hcaptcha._image_recognition:_image_recognition:29 - SLoved Image: False, soccer ball
2023-02-23 17:29:54.885 | DEBUG    | Hcaptcha._image_recognition:_image_recognition:29 - SLoved Image: True, soccer ball
2023-02-23 17:29:55.016 | ERROR    | Hcaptcha.hCaptcha:_slove:133 - Captcha Error: {'c': {'type': 'hsw', 'req': 'eyJ0eXAiOiJKV1QiLCJhbGciOiJIUzI1NiJ9.eyJmIjowLCJzIjoxNiwidCI6InciLCJkIjoiWmo1U002VmhzQ2MxdkpOQWdrQVJtMmw0cFhxb3B4WE10R0szMWpUR21kcENZNW1ubmdmU29LaG1tbUZyNG1GQUkzL1g0L2swQitRU2crVlBkRmRkNCtyNFZzWmJyejV5NWYyS1Q3UHZtQ0drMkhUQ1R2cldiWGpYQ2kwa3IxZU9xTGlkMDVpUlltMnJCZkE3VlFyTDVtRFJLWEFuWEJhZ3B3NnJKYzZjN1lKdnVNbWFkRXJnQkNPZ2hiZz1lQXlQMm9KbUxNYU1ibjcrIiwibCI6Imh0dHBzOi8vbmV3YXNzZXRzLmhjYXB0Y2hhLmNvbS9jLzZmZGQyZjMiLCJlIjoxNjc3MTYxMDM1LCJuIjoiaHN3IiwiYyI6MTAwMH0.EU-5Vtvl3epLMAf4ag2pqEXjQqw3EDaet3wJfZHUg84'}, 'pass': False}
2023-02-23 17:29:55.020 | DEBUG    | __main__:SLove:68 - Error With Sloving Captcha. [19a953dbe551799e9691]
2023-02-23 17:29:55.354 | DEBUG    | Hcaptcha.hCaptcha:_slove:102 - Get Question: guitar
2023-02-23 17:29:55.618 | DEBUG    | Hcaptcha._image_recognition:_image_recognition:29 - SLoved Image: False, soccer ball
2023-02-23 17:29:55.618 | DEBUG    | Hcaptcha._image_recognition:_image_recognition:29 - SLoved Image: True, soccer ball
2023-02-23 17:29:55.665 | DEBUG    | Hcaptcha._image_recognition:_image_recognition:29 - SLoved Image: False, soccer ball
2023-02-23 17:29:55.713 | DEBUG    | Hcaptcha._image_recognition:_image_recognition:29 - SLoved Image: True, soccer ball
2023-02-23 17:29:55.714 | DEBUG    | Hcaptcha._image_recognition:_image_recognition:29 - SLoved Image: True, soccer ball
2023-02-23 17:29:55.992 | DEBUG    | Hcaptcha.hCaptcha:_slove:102 - Get Question: ocean
2023-02-23 17:29:56.394 | DEBUG    | Hcaptcha._image_recognition:_image_recognition:29 - SLoved Image: True, guitar
2023-02-23 17:29:56.431 | DEBUG    | Hcaptcha._image_recognition:_image_recognition:29 - SLoved Image: True, guitar
2023-02-23 17:29:56.449 | DEBUG    | Hcaptcha._image_recognition:_image_recognition:29 - SLoved Image: False, guitar
2023-02-23 17:29:56.450 | DEBUG    | Hcaptcha._image_recognition:_image_recognition:29 - SLoved Image: True, guitar
2023-02-23 17:29:56.457 | DEBUG    | Hcaptcha._image_recognition:_image_recognition:29 - SLoved Image: False, guitar
2023-02-23 17:29:56.688 | DEBUG    | Hcaptcha._image_recognition:_image_recognition:29 - SLoved Image: False, guitar
2023-02-23 17:29:56.733 | DEBUG    | Hcaptcha._image_recognition:_image_recognition:29 - SLoved Image: True, guitar
2023-02-23 17:29:56.760 | DEBUG    | Hcaptcha._image_recognition:_image_recognition:29 - SLoved Image: True, guitar
2023-02-23 17:29:56.878 | DEBUG    | Hcaptcha._image_recognition:_image_recognition:29 - SLoved Image: False, ocean
2023-02-23 17:29:56.909 | DEBUG    | Hcaptcha._image_recognition:_image_recognition:29 - SLoved Image: False, ocean
2023-02-23 17:29:56.926 | DEBUG    | Hcaptcha.hCaptcha:_slove:102 - Get Question: soccer ball
2023-02-23 17:29:56.931 | DEBUG    | Hcaptcha._image_recognition:_image_recognition:29 - SLoved Image: True, ocean
2023-02-23 17:29:57.386 | DEBUG    | Hcaptcha._image_recognition:_image_recognition:29 - SLoved Image: True, ocean
2023-02-23 17:29:57.386 | DEBUG    | Hcaptcha._image_recognition:_image_recognition:29 - SLoved Image: True, ocean
2023-02-23 17:29:57.386 | DEBUG    | Hcaptcha._image_recognition:_image_recognition:29 - SLoved Image: False, guitar
2023-02-23 17:29:57.387 | DEBUG    | Hcaptcha._image_recognition:_image_recognition:29 - SLoved Image: False, ocean
2023-02-23 17:29:57.387 | DEBUG    | Hcaptcha._image_recognition:_image_recognition:29 - SLoved Image: True, ocean
2023-02-23 17:29:57.388 | DEBUG    | Hcaptcha._image_recognition:_image_recognition:29 - SLoved Image: True, ocean
2023-02-23 17:29:57.388 | DEBUG    | Hcaptcha._image_recognition:_image_recognition:29 - SLoved Image: False, ocean
2023-02-23 17:29:58.859 | DEBUG    | Hcaptcha._image_recognition:_image_recognition:29 - SLoved Image: True, soccer ball
2023-02-23 17:29:58.869 | DEBUG    | Hcaptcha._image_recognition:_image_recognition:29 - SLoved Image: False, soccer ball
2023-02-23 17:29:58.889 | DEBUG    | Hcaptcha._image_recognition:_image_recognition:29 - SLoved Image: True, soccer ball
2023-02-23 17:29:58.907 | DEBUG    | Hcaptcha._image_recognition:_image_recognition:29 - SLoved Image: False, soccer ball
2023-02-23 17:29:59.120 | DEBUG    | Hcaptcha._image_recognition:_image_recognition:29 - SLoved Image: False, soccer ball
2023-02-23 17:29:59.152 | DEBUG    | Hcaptcha._image_recognition:_image_recognition:29 - SLoved Image: False, soccer ball
2023-02-23 17:29:59.176 | DEBUG    | Hcaptcha._image_recognition:_image_recognition:29 - SLoved Image: True, soccer ball
2023-02-23 17:29:59.433 | DEBUG    | __main__:SLove:70 - Captcha SLoved: P1_eyJ0eXAiOiJKV1QiLCJhbGciOiJIU. [1ec069ebf0c4950428da]
2023-02-23 17:30:00.201 | DEBUG    | Hcaptcha._image_recognition:_image_recognition:29 - SLoved Image: False, soccer ball
2023-02-23 17:30:00.386 | DEBUG    | Hcaptcha._image_recognition:_image_recognition:29 - SLoved Image: True, panda wearing glasses
2023-02-23 17:30:00.447 | DEBUG    | Hcaptcha._image_recognition:_image_recognition:29 - SLoved Image: False, panda wearing glasses
2023-02-23 17:30:00.788 | DEBUG    | Hcaptcha._image_recognition:_image_recognition:29 - SLoved Image: True, soccer ball
2023-02-23 17:30:01.351 | DEBUG    | __main__:SLove:68 - Error With Sloving Captcha. [84eaddeb61cef3638c39]
2023-02-23 17:30:01.879 | DEBUG    | Hcaptcha.hCaptcha:_slove:102 - Get Question: guitar
2023-02-23 17:30:02.103 | DEBUG    | __main__:SLove:68 - Error With Sloving Captcha. [011fc09b6d647fd2c882]
2023-02-23 17:30:02.416 | DEBUG    | __main__:SLove:68 - Error With Sloving Captcha. [ed26fe36902514007c48]
2023-02-23 17:30:02.696 | DEBUG    | Hcaptcha._image_recognition:_image_recognition:29 - SLoved Image: False, guitar
2023-02-23 17:30:02.703 | DEBUG    | Hcaptcha._image_recognition:_image_recognition:29 - SLoved Image: False, guitar
2023-02-23 17:30:02.720 | DEBUG    | Hcaptcha._image_recognition:_image_recognition:29 - SLoved Image: False, guitar
2023-02-23 17:30:02.741 | DEBUG    | Hcaptcha._image_recognition:_image_recognition:29 - SLoved Image: True, guitar
2023-02-23 17:30:02.748 | DEBUG    | Hcaptcha._image_recognition:_image_recognition:29 - SLoved Image: False, guitar
2023-02-23 17:30:02.784 | DEBUG    | Hcaptcha._image_recognition:_image_recognition:29 - SLoved Image: True, guitar
2023-02-23 17:30:02.784 | DEBUG    | Hcaptcha._image_recognition:_image_recognition:29 - SLoved Image: False, guitar
2023-02-23 17:30:02.789 | DEBUG    | Hcaptcha._image_recognition:_image_recognition:29 - SLoved Image: False, guitar
2023-02-23 17:30:02.819 | DEBUG    | Hcaptcha._image_recognition:_image_recognition:29 - SLoved Image: False, guitar
2023-02-23 17:30:04.110 | DEBUG    | __main__:SLove:68 - Error With Sloving Captcha. [dbce331a5c4e3894e248]
2023-02-23 17:30:05.095 | DEBUG    | __main__:SLove:68 - Error With Sloving Captcha. [4fea1b5e292d2cff7ee7]
2023-02-23 17:39:45.765 | DEBUG    | services.update:Installer:25 - Downloading objects.yaml from https://raw.githubusercontent.com/QIN2DIM/hcaptcha-challenger/main/src/objects.yaml
2023-02-23 17:40:27.673 | DEBUG    | __main__:get_task:38 - Task Created. [522ba2cc95b9e26d079c]
2023-02-23 17:40:27.674 | DEBUG    | __main__:get_task:38 - Task Created. [38bb410defeebe9ed8e8]
2023-02-23 17:40:27.686 | DEBUG    | Hcaptcha.hCaptcha:_Get_Task:48 - Geting Task.
2023-02-23 17:40:27.689 | DEBUG    | Hcaptcha.hCaptcha:_Get_Task:48 - Geting Task.
2023-02-23 17:40:27.695 | DEBUG    | __main__:get_task:38 - Task Created. [6266c9442d3eda2c723a]
2023-02-23 17:40:27.704 | DEBUG    | __main__:get_task:38 - Task Created. [c3b63f08cd15e83333ad]
2023-02-23 17:40:27.711 | DEBUG    | Hcaptcha.hCaptcha:_Get_Task:48 - Geting Task.
2023-02-23 17:40:27.720 | DEBUG    | Hcaptcha.hCaptcha:_Get_Task:48 - Geting Task.
2023-02-23 17:40:27.735 | DEBUG    | __main__:get_task:38 - Task Created. [e3106ea3a7d30ef1f846]
2023-02-23 17:40:27.751 | DEBUG    | Hcaptcha.hCaptcha:_Get_Task:48 - Geting Task.
2023-02-23 17:40:32.331 | DEBUG    | Hcaptcha.hCaptcha:_slove:102 - Get Question: soccer ball
2023-02-23 17:40:32.550 | DEBUG    | Hcaptcha.hCaptcha:_slove:102 - Get Question: cow in its natural environment
2023-02-23 17:40:32.552 | DEBUG    | Hcaptcha.hCaptcha:_slove:102 - Get Question: tractor
2023-02-23 17:40:32.915 | DEBUG    | Hcaptcha.hCaptcha:_Get_Task:48 - Geting Task.
2023-02-23 17:40:32.915 | DEBUG    | services.hcaptcha_challenger.core:log:219 - >> Challenge [ArmorCaptcha] lazy-loading - sign=YOLO match=None
2023-02-23 17:40:32.947 | DEBUG    | services.hcaptcha_challenger.core:log:219 - >> Challenge [ArmorCaptcha] lazy-loading - sign=YOLO match=None
2023-02-23 17:40:32.970 | DEBUG    | services.hcaptcha_challenger.core:log:219 - >> Challenge [ArmorCaptcha] lazy-loading - sign=YOLO match=None
2023-02-23 17:40:32.978 | DEBUG    | services.hcaptcha_challenger.core:log:219 - >> Challenge [ArmorCaptcha] lazy-loading - sign=YOLO match=None
2023-02-23 17:40:33.015 | DEBUG    | services.hcaptcha_challenger.core:log:219 - >> Challenge [ArmorCaptcha] lazy-loading - sign=YOLO match=None
2023-02-23 17:40:33.062 | DEBUG    | services.hcaptcha_challenger.core:log:219 - >> Challenge [ArmorCaptcha] lazy-loading - sign=YOLO match=None
2023-02-23 17:40:33.073 | DEBUG    | Hcaptcha.hCaptcha:_Get_Task:48 - Geting Task.
2023-02-23 17:40:33.141 | DEBUG    | services.hcaptcha_challenger.core:log:219 - >> Challenge [ArmorCaptcha] lazy-loading - sign=YOLO match=None
2023-02-23 17:40:33.181 | DEBUG    | services.hcaptcha_challenger.core:log:219 - >> Challenge [ArmorCaptcha] lazy-loading - sign=YOLO match=None
2023-02-23 17:40:33.258 | DEBUG    | services.hcaptcha_challenger.core:log:219 - >> Challenge [ArmorCaptcha] lazy-loading - sign=YOLO match=None
2023-02-23 17:40:33.871 | DEBUG    | Hcaptcha._image_recognition:_image_recognition:29 - SLoved Image: True, soccer ball
2023-02-23 17:40:33.954 | DEBUG    | Hcaptcha._image_recognition:_image_recognition:29 - SLoved Image: False, soccer ball
2023-02-23 17:40:34.073 | DEBUG    | Hcaptcha._image_recognition:_image_recognition:29 - SLoved Image: False, soccer ball
2023-02-23 17:40:34.087 | DEBUG    | Hcaptcha._image_recognition:_image_recognition:29 - SLoved Image: True, soccer ball
2023-02-23 17:40:34.116 | DEBUG    | Hcaptcha._image_recognition:_image_recognition:29 - SLoved Image: True, soccer ball
2023-02-23 17:40:34.146 | DEBUG    | Hcaptcha._image_recognition:_image_recognition:29 - SLoved Image: True, soccer ball
2023-02-23 17:40:34.191 | DEBUG    | Hcaptcha._image_recognition:_image_recognition:29 - SLoved Image: True, tractor
2023-02-23 17:40:34.201 | DEBUG    | Hcaptcha._image_recognition:_image_recognition:29 - SLoved Image: False, tractor
2023-02-23 17:40:34.235 | DEBUG    | Hcaptcha._image_recognition:_image_recognition:29 - SLoved Image: False, tractor
2023-02-23 17:40:34.305 | DEBUG    | Hcaptcha._image_recognition:_image_recognition:29 - SLoved Image: True, soccer ball
2023-02-23 17:40:34.321 | DEBUG    | Hcaptcha._image_recognition:_image_recognition:29 - SLoved Image: False, tractor
2023-02-23 17:40:34.328 | ERROR    | Hcaptcha._image_recognition:_image_recognition:28 - Challenge type cow in its natural environment not yet supported.
2023-02-23 17:40:34.329 | DEBUG    | Hcaptcha._image_recognition:_image_recognition:29 - SLoved Image: [False], cow in its natural environment
2023-02-23 17:40:34.343 | ERROR    | Hcaptcha._image_recognition:_image_recognition:28 - Challenge type cow in its natural environment not yet supported.
2023-02-23 17:40:34.343 | DEBUG    | Hcaptcha._image_recognition:_image_recognition:29 - SLoved Image: [False], cow in its natural environment
2023-02-23 17:40:34.395 | ERROR    | Hcaptcha._image_recognition:_image_recognition:28 - Challenge type cow in its natural environment not yet supported.
2023-02-23 17:40:34.397 | DEBUG    | Hcaptcha._image_recognition:_image_recognition:29 - SLoved Image: [True], cow in its natural environment
2023-02-23 17:40:34.427 | DEBUG    | Hcaptcha._image_recognition:_image_recognition:29 - SLoved Image: False, tractor
2023-02-23 17:40:34.461 | DEBUG    | Hcaptcha._image_recognition:_image_recognition:29 - SLoved Image: True, tractor
2023-02-23 17:40:34.492 | DEBUG    | Hcaptcha._image_recognition:_image_recognition:29 - SLoved Image: True, soccer ball
2023-02-23 17:40:34.533 | DEBUG    | Hcaptcha._image_recognition:_image_recognition:29 - SLoved Image: False, tractor
2023-02-23 17:40:34.585 | DEBUG    | Hcaptcha._image_recognition:_image_recognition:29 - SLoved Image: False, tractor
2023-02-23 17:40:34.809 | DEBUG    | Hcaptcha._image_recognition:_image_recognition:29 - SLoved Image: False, tractor
2023-02-23 17:40:34.838 | ERROR    | Hcaptcha._image_recognition:_image_recognition:28 - Challenge type cow in its natural environment not yet supported.
2023-02-23 17:40:34.839 | DEBUG    | Hcaptcha._image_recognition:_image_recognition:29 - SLoved Image: [True], cow in its natural environment
2023-02-23 17:40:34.871 | DEBUG    | Hcaptcha._image_recognition:_image_recognition:29 - SLoved Image: False, soccer ball
2023-02-23 17:40:35.262 | ERROR    | Hcaptcha._image_recognition:_image_recognition:28 - Challenge type cow in its natural environment not yet supported.
2023-02-23 17:40:35.264 | DEBUG    | Hcaptcha._image_recognition:_image_recognition:29 - SLoved Image: [False], cow in its natural environment
2023-02-23 17:40:35.287 | ERROR    | Hcaptcha._image_recognition:_image_recognition:28 - Challenge type cow in its natural environment not yet supported.
2023-02-23 17:40:35.288 | DEBUG    | Hcaptcha._image_recognition:_image_recognition:29 - SLoved Image: [True], cow in its natural environment
2023-02-23 17:40:35.312 | ERROR    | Hcaptcha._image_recognition:_image_recognition:28 - Challenge type cow in its natural environment not yet supported.
2023-02-23 17:40:35.313 | DEBUG    | Hcaptcha._image_recognition:_image_recognition:29 - SLoved Image: [True], cow in its natural environment
2023-02-23 17:40:35.342 | ERROR    | Hcaptcha._image_recognition:_image_recognition:28 - Challenge type cow in its natural environment not yet supported.
2023-02-23 17:40:35.345 | DEBUG    | Hcaptcha._image_recognition:_image_recognition:29 - SLoved Image: [False], cow in its natural environment
2023-02-23 17:40:35.376 | ERROR    | Hcaptcha._image_recognition:_image_recognition:28 - Challenge type cow in its natural environment not yet supported.
2023-02-23 17:40:35.377 | DEBUG    | Hcaptcha._image_recognition:_image_recognition:29 - SLoved Image: [False], cow in its natural environment
2023-02-23 17:40:36.403 | DEBUG    | __main__:SLove:70 - Captcha SLoved: P1_eyJ0eXAiOiJKV1QiLCJhbGciOiJIU. [e3106ea3a7d30ef1f846]
2023-02-23 17:40:37.117 | DEBUG    | __main__:SLove:70 - Captcha SLoved: P1_eyJ0eXAiOiJKV1QiLCJhbGciOiJIU. [38bb410defeebe9ed8e8]
2023-02-23 17:40:37.755 | DEBUG    | Hcaptcha.hCaptcha:_slove:102 - Get Question: guitar
2023-02-23 17:40:38.121 | ERROR    | Hcaptcha.hCaptcha:_slove:133 - Captcha Error: {'c': {'type': 'hsw', 'req': 'eyJ0eXAiOiJKV1QiLCJhbGciOiJIUzI1NiJ9.eyJmIjowLCJzIjoxNiwidCI6InciLCJkIjoiNzlqSi9zOU4rQlpKcWtHWU1iaVVYWkRqQzN0VHQvcWRIUTA5b3QzUzhBSTRtY3pjV0x0K2JvREVoM0RqOVM4NlZ3dDFXOTUzc0cwMEx6TU5lZFh6ckZoNnZOWkNzTnFMY0w1NE9aVzl3dWpKWmd0U3FkU2xyck0xaE5FeGVYTXVqK0lLT3AzRGp1M3Q0Sm1vMG00VWxpenJrdFJ5cnhwd1BralFkZHY4TjljMHQwWkp1ODRKcncrWGRBZz1NZDVtckZBVUdRUmRkaDZLIiwibCI6Imh0dHBzOi8vbmV3YXNzZXRzLmhjYXB0Y2hhLmNvbS9jLzZmZGQyZjMiLCJlIjoxNjc3MTYxNjc4LCJuIjoiaHN3IiwiYyI6MTAwMH0.9oIL4fb6edVa9cu2yONTvJq7ApXRftGYQ8oWc1ERzQY'}, 'pass': False, 'error': 'invalid'}
2023-02-23 17:40:38.237 | DEBUG    | Hcaptcha.hCaptcha:_slove:102 - Get Question: ocean
2023-02-23 17:40:38.239 | DEBUG    | __main__:SLove:68 - Error With Sloving Captcha. [c3b63f08cd15e83333ad]
2023-02-23 17:40:39.061 | DEBUG    | Hcaptcha._image_recognition:_image_recognition:29 - SLoved Image: False, guitar
2023-02-23 17:40:39.071 | DEBUG    | Hcaptcha._image_recognition:_image_recognition:29 - SLoved Image: True, guitar
2023-02-23 17:40:39.108 | DEBUG    | Hcaptcha._image_recognition:_image_recognition:29 - SLoved Image: True, guitar
2023-02-23 17:40:39.116 | DEBUG    | Hcaptcha._image_recognition:_image_recognition:29 - SLoved Image: True, guitar
2023-02-23 17:40:39.127 | DEBUG    | Hcaptcha._image_recognition:_image_recognition:29 - SLoved Image: True, guitar
2023-02-23 17:40:39.165 | DEBUG    | Hcaptcha._image_recognition:_image_recognition:29 - SLoved Image: True, ocean
2023-02-23 17:40:39.324 | DEBUG    | Hcaptcha._image_recognition:_image_recognition:29 - SLoved Image: False, guitar
2023-02-23 17:40:39.374 | DEBUG    | Hcaptcha._image_recognition:_image_recognition:29 - SLoved Image: False, ocean
2023-02-23 17:40:39.407 | DEBUG    | Hcaptcha._image_recognition:_image_recognition:29 - SLoved Image: False, ocean
2023-02-23 17:40:39.422 | DEBUG    | Hcaptcha._image_recognition:_image_recognition:29 - SLoved Image: False, ocean
2023-02-23 17:40:39.437 | DEBUG    | Hcaptcha._image_recognition:_image_recognition:29 - SLoved Image: False, ocean
2023-02-23 17:40:39.448 | DEBUG    | Hcaptcha._image_recognition:_image_recognition:29 - SLoved Image: True, ocean
2023-02-23 17:40:39.471 | DEBUG    | Hcaptcha._image_recognition:_image_recognition:29 - SLoved Image: True, ocean
2023-02-23 17:40:39.499 | DEBUG    | Hcaptcha._image_recognition:_image_recognition:29 - SLoved Image: True, guitar
2023-02-23 17:40:39.554 | DEBUG    | Hcaptcha._image_recognition:_image_recognition:29 - SLoved Image: True, guitar
2023-02-23 17:40:39.663 | DEBUG    | Hcaptcha._image_recognition:_image_recognition:29 - SLoved Image: False, guitar
2023-02-23 17:40:39.876 | DEBUG    | Hcaptcha._image_recognition:_image_recognition:29 - SLoved Image: False, ocean
2023-02-23 17:40:40.037 | DEBUG    | Hcaptcha._image_recognition:_image_recognition:29 - SLoved Image: False, ocean
2023-02-23 17:40:40.934 | DEBUG    | __main__:SLove:68 - Error With Sloving Captcha. [6266c9442d3eda2c723a]
2023-02-23 17:40:41.639 | DEBUG    | __main__:SLove:68 - Error With Sloving Captcha. [522ba2cc95b9e26d079c]
2023-02-24 13:21:25.382 | DEBUG    | services.update:Installer:25 - Downloading objects.yaml from https://raw.githubusercontent.com/QIN2DIM/hcaptcha-challenger/main/src/objects.yaml
2023-02-24 13:21:26.774 | DEBUG    | services.update:download_model_:18 - Downloading cow_in_its_natural_environment.onnx from https://github.com/QIN2DIM/hcaptcha-challenger/releases/download/model/cow_in_its_natural_environment.onnx
2023-02-24 13:21:34.757 | DEBUG    | services.update:Installer:25 - Downloading objects.yaml from https://raw.githubusercontent.com/QIN2DIM/hcaptcha-challenger/main/src/objects.yaml
2023-02-24 13:21:35.931 | DEBUG    | services.update:download_model_:18 - Downloading cow_in_its_natural_environment.onnx from https://github.com/QIN2DIM/hcaptcha-challenger/releases/download/model/cow_in_its_natural_environment.onnx
2023-02-24 13:23:35.558 | DEBUG    | services.update:Installer:25 - Downloading objects.yaml from https://raw.githubusercontent.com/QIN2DIM/hcaptcha-challenger/main/src/objects.yaml
2023-02-24 13:23:49.709 | DEBUG    | __main__:get_task:38 - Task Created. [2a053ee63d8bbbc0bb79]
2023-02-24 13:23:49.716 | DEBUG    | __main__:get_task:38 - Task Created. [ed7dccb302618482e5d7]
2023-02-24 13:23:49.720 | DEBUG    | Hcaptcha.hCaptcha:_Get_Task:48 - Geting Task.
2023-02-24 13:23:49.727 | DEBUG    | Hcaptcha.hCaptcha:_Get_Task:48 - Geting Task.
2023-02-24 13:23:49.737 | DEBUG    | __main__:get_task:38 - Task Created. [af14eccb65f56b739002]
2023-02-24 13:23:49.749 | DEBUG    | Hcaptcha.hCaptcha:_Get_Task:48 - Geting Task.
2023-02-24 13:23:49.752 | DEBUG    | __main__:get_task:38 - Task Created. [572502ead5be8c151bcc]
2023-02-24 13:23:49.764 | DEBUG    | Hcaptcha.hCaptcha:_Get_Task:48 - Geting Task.
2023-02-24 13:23:49.789 | DEBUG    | __main__:get_task:38 - Task Created. [73cd011e3c321851375e]
2023-02-24 13:23:49.803 | DEBUG    | Hcaptcha.hCaptcha:_Get_Task:48 - Geting Task.
2023-02-24 14:12:53.160 | DEBUG    | services.update:Installer:25 - Downloading objects.yaml from https://raw.githubusercontent.com/QIN2DIM/hcaptcha-challenger/main/src/objects.yaml
2023-02-24 14:13:23.502 | DEBUG    | __main__:get_task:38 - Task Created. [754b066630c69cd4d78b]
2023-02-24 14:13:23.506 | DEBUG    | __main__:get_task:38 - Task Created. [14424a610ae9c9537848]
2023-02-24 14:13:23.515 | DEBUG    | Hcaptcha.hCaptcha:_Get_Task:48 - Geting Task.
2023-02-24 14:13:23.518 | DEBUG    | Hcaptcha.hCaptcha:_Get_Task:48 - Geting Task.
2023-02-24 14:13:23.527 | DEBUG    | __main__:get_task:38 - Task Created. [71cc5308d29f946bcec2]
2023-02-24 14:13:23.541 | DEBUG    | __main__:get_task:38 - Task Created. [c8d880c1d4a066a405dc]
2023-02-24 14:13:23.542 | DEBUG    | Hcaptcha.hCaptcha:_Get_Task:48 - Geting Task.
2023-02-24 14:13:23.555 | DEBUG    | Hcaptcha.hCaptcha:_Get_Task:48 - Geting Task.
2023-02-24 14:13:23.561 | DEBUG    | __main__:get_task:38 - Task Created. [bf35637d96a6dc0e3729]
2023-02-24 14:13:23.576 | DEBUG    | Hcaptcha.hCaptcha:_Get_Task:48 - Geting Task.
2023-02-24 14:14:20.641 | DEBUG    | Hcaptcha.hCaptcha:_Get_Task:48 - Geting Task.
2023-03-11 12:09:38.014 | DEBUG    | services.update:Installer:25 - Downloading objects.yaml from https://raw.githubusercontent.com/QIN2DIM/hcaptcha-challenger/main/src/objects.yaml
2023-03-11 12:09:57.227 | DEBUG    | services.update:Installer:25 - Downloading objects.yaml from https://raw.githubusercontent.com/QIN2DIM/hcaptcha-challenger/main/src/objects.yaml
2023-03-11 12:09:59.652 | DEBUG    | services.update:download_model_:18 - Downloading alarm_clock.onnx from https://github.com/QIN2DIM/hcaptcha-challenger/releases/download/model/alarm_clock.onnx
2023-03-11 12:10:02.528 | DEBUG    | services.update:download_model_:18 - Downloading basketball.onnx from https://github.com/QIN2DIM/hcaptcha-challenger/releases/download/model/basketball.onnx
2023-03-11 12:10:04.069 | DEBUG    | services.update:download_model_:18 - Downloading bowling_ball.onnx from https://github.com/QIN2DIM/hcaptcha-challenger/releases/download/model/bowling_ball.onnx
2023-03-11 12:10:09.438 | DEBUG    | services.update:download_model_:18 - Downloading bunny.onnx from https://github.com/QIN2DIM/hcaptcha-challenger/releases/download/model/bunny.onnx
2023-03-11 12:10:12.908 | DEBUG    | services.update:download_model_:18 - Downloading car_tire.onnx from https://github.com/QIN2DIM/hcaptcha-challenger/releases/download/model/car_tire.onnx
2023-03-11 12:20:36.857 | DEBUG    | services.update:Installer:25 - Downloading objects.yaml from https://raw.githubusercontent.com/QIN2DIM/hcaptcha-challenger/main/src/objects.yaml
2023-03-11 12:20:45.599 | DEBUG    | services.update:download_model_:18 - Downloading car_tire.onnx from https://github.com/QIN2DIM/hcaptcha-challenger/releases/download/model/car_tire.onnx
2023-03-11 12:20:50.994 | DEBUG    | services.update:download_model_:18 - Downloading dog_t_shirt.onnx from https://github.com/QIN2DIM/hcaptcha-challenger/releases/download/model/dog_t_shirt.onnx
2023-03-11 12:20:55.865 | DEBUG    | services.update:download_model_:18 - Downloading dog_wearing_sunglasses.onnx from https://github.com/QIN2DIM/hcaptcha-challenger/releases/download/model/dog_wearing_sunglasses.onnx
2023-03-11 12:20:57.879 | DEBUG    | services.update:download_model_:18 - Downloading hallway.onnx from https://github.com/QIN2DIM/hcaptcha-challenger/releases/download/model/hallway.onnx
2023-03-11 12:20:59.290 | DEBUG    | services.update:download_model_:18 - Downloading robot.onnx from https://github.com/QIN2DIM/hcaptcha-challenger/releases/download/model/robot.onnx
2023-03-11 12:21:01.830 | DEBUG    | services.update:download_model_:18 - Downloading someone_playing_football.onnx from https://github.com/QIN2DIM/hcaptcha-challenger/releases/download/model/someone_playing_football.onnx
2023-03-11 12:21:05.797 | DEBUG    | services.update:download_model_:18 - Downloading someone_playing_soccer.onnx from https://github.com/QIN2DIM/hcaptcha-challenger/releases/download/model/someone_playing_soccer.onnx
2023-03-11 12:24:55.073 | DEBUG    | services.update:Installer:25 - Downloading objects.yaml from https://raw.githubusercontent.com/QIN2DIM/hcaptcha-challenger/main/src/objects.yaml
2023-03-11 12:24:56.274 | DEBUG    | services.update:download_model_:18 - Downloading someone_playing_soccer.onnx from https://github.com/QIN2DIM/hcaptcha-challenger/releases/download/model/someone_playing_soccer.onnx
2023-03-11 12:25:01.167 | DEBUG    | services.update:download_model_:18 - Downloading very_fast_car.onnx from https://github.com/QIN2DIM/hcaptcha-challenger/releases/download/model/very_fast_car.onnx
2023-03-11 13:09:38.050 | DEBUG    | __main__:get_task:38 - Task Created. [c8261cdfc4083b2d6326]
2023-03-11 13:09:38.071 | DEBUG    | Hcaptcha.hCaptcha:_Get_Task:48 - Geting Task.
2023-03-11 13:09:59.131 | DEBUG    | Hcaptcha.hCaptcha:_Get_Task:48 - Geting Task.
2023-03-11 13:10:20.182 | DEBUG    | Hcaptcha.hCaptcha:_Get_Task:48 - Geting Task.
2023-03-11 13:11:33.758 | DEBUG    | services.update:Installer:25 - Downloading objects.yaml from https://raw.githubusercontent.com/QIN2DIM/hcaptcha-challenger/main/src/objects.yaml
2023-03-11 13:11:56.761 | DEBUG    | services.update:Installer:25 - Downloading objects.yaml from https://raw.githubusercontent.com/QIN2DIM/hcaptcha-challenger/main/src/objects.yaml
2023-03-11 13:12:50.820 | DEBUG    | __main__:get_task:38 - Task Created. [a03c615c7ff66bcb53bc]
2023-03-11 13:12:50.841 | DEBUG    | Hcaptcha.hCaptcha:_Get_Task:48 - Geting Task.
2023-03-11 13:13:11.879 | DEBUG    | Hcaptcha.hCaptcha:_Get_Task:48 - Geting Task.
2023-03-11 13:13:32.932 | DEBUG    | Hcaptcha.hCaptcha:_Get_Task:48 - Geting Task.
2023-03-11 13:13:59.206 | DEBUG    | __main__:get_task:38 - Task Created. [2a42a7e8546f3872c961]
2023-03-11 13:13:59.227 | DEBUG    | Hcaptcha.hCaptcha:_Get_Task:48 - Geting Task.
2023-03-11 13:14:20.261 | DEBUG    | Hcaptcha.hCaptcha:_Get_Task:48 - Geting Task.
2023-03-11 13:14:41.301 | DEBUG    | Hcaptcha.hCaptcha:_Get_Task:48 - Geting Task.
2023-03-11 13:15:02.333 | DEBUG    | Hcaptcha.hCaptcha:_Get_Task:48 - Geting Task.
2023-03-11 13:15:23.386 | DEBUG    | __main__:SLove:68 - Error With Sloving Captcha. [2a42a7e8546f3872c961]
2023-03-11 13:48:18.426 | DEBUG    | __main__:get_task:38 - Task Created. [8c409c6468ba823cad6f]
2023-03-11 13:48:18.447 | DEBUG    | Hcaptcha.hCaptcha:_Get_Task:48 - Geting Task.
2023-03-11 13:48:39.487 | DEBUG    | Hcaptcha.hCaptcha:_Get_Task:48 - Geting Task.
2023-05-20 20:52:57.781 | DEBUG    | services.update:Installer:25 - Downloading objects.yaml from https://raw.githubusercontent.com/QIN2DIM/hcaptcha-challenger/main/src/objects.yaml
2023-05-20 20:53:03.955 | DEBUG    | services.update:Installer:25 - Downloading objects.yaml from https://raw.githubusercontent.com/QIN2DIM/hcaptcha-challenger/main/src/objects.yaml
2023-05-21 18:25:54.318 | DEBUG    | services.update:Installer:25 - Downloading objects.yaml from https://raw.githubusercontent.com/QIN2DIM/hcaptcha-challenger/main/src/objects.yaml
2023-05-21 18:26:17.938 | DEBUG    | services.update:Installer:25 - Downloading objects.yaml from https://raw.githubusercontent.com/QIN2DIM/hcaptcha-challenger/main/src/objects.yaml
